2022-03-06 04:29:08 startup archives install
2022-03-06 04:29:08 install base-passwd:amd64 <none> 3.5.51
2022-03-06 04:29:08 status half-installed base-passwd:amd64 3.5.51
2022-03-06 04:29:08 status unpacked base-passwd:amd64 3.5.51
2022-03-06 04:29:08 configure base-passwd:amd64 3.5.51 3.5.51
2022-03-06 04:29:08 status half-configured base-passwd:amd64 3.5.51
2022-03-06 04:29:08 status installed base-passwd:amd64 3.5.51
2022-03-06 04:29:08 startup archives install
2022-03-06 04:29:08 install base-files:amd64 <none> 11.1+deb11u2
2022-03-06 04:29:08 status half-installed base-files:amd64 11.1+deb11u2
2022-03-06 04:29:08 status unpacked base-files:amd64 11.1+deb11u2
2022-03-06 04:29:08 configure base-files:amd64 11.1+deb11u2 11.1+deb11u2
2022-03-06 04:29:08 status half-configured base-files:amd64 11.1+deb11u2
2022-03-06 04:29:08 status installed base-files:amd64 11.1+deb11u2
2022-03-06 04:29:08 startup archives install
2022-03-06 04:29:08 upgrade dpkg 1.20.9 1.20.9
2022-03-06 04:29:08 status half-configured dpkg 1.20.9
2022-03-06 04:29:08 status unpacked dpkg 1.20.9
2022-03-06 04:29:08 status half-installed dpkg 1.20.9
2022-03-06 04:29:08 status unpacked dpkg:amd64 1.20.9
2022-03-06 04:29:08 configure dpkg:amd64 1.20.9 1.20.9
2022-03-06 04:29:08 status half-configured dpkg:amd64 1.20.9
2022-03-06 04:29:08 status installed dpkg:amd64 1.20.9
2022-03-06 04:29:08 startup archives install
2022-03-06 04:29:08 install libc6:amd64 <none> 2.31-13+deb11u2
2022-03-06 04:29:08 status half-installed libc6:amd64 2.31-13+deb11u2
2022-03-06 04:29:09 status unpacked libc6:amd64 2.31-13+deb11u2
2022-03-06 04:29:09 configure libc6:amd64 2.31-13+deb11u2 2.31-13+deb11u2
2022-03-06 04:29:09 status half-configured libc6:amd64 2.31-13+deb11u2
2022-03-06 04:29:09 status installed libc6:amd64 2.31-13+deb11u2
2022-03-06 04:29:09 startup archives install
2022-03-06 04:29:09 install perl-base:amd64 <none> 5.32.1-4+deb11u2
2022-03-06 04:29:09 status half-installed perl-base:amd64 5.32.1-4+deb11u2
2022-03-06 04:29:09 status unpacked perl-base:amd64 5.32.1-4+deb11u2
2022-03-06 04:29:09 configure perl-base:amd64 5.32.1-4+deb11u2 5.32.1-4+deb11u2
2022-03-06 04:29:09 status half-configured perl-base:amd64 5.32.1-4+deb11u2
2022-03-06 04:29:09 status installed perl-base:amd64 5.32.1-4+deb11u2
2022-03-06 04:29:09 startup archives install
2022-03-06 04:29:09 install mawk:amd64 <none> 1.3.4.20200120-2
2022-03-06 04:29:09 status half-installed mawk:amd64 1.3.4.20200120-2
2022-03-06 04:29:09 status unpacked mawk:amd64 1.3.4.20200120-2
2022-03-06 04:29:09 configure mawk:amd64 1.3.4.20200120-2 1.3.4.20200120-2
2022-03-06 04:29:09 status half-configured mawk:amd64 1.3.4.20200120-2
2022-03-06 04:29:09 status installed mawk:amd64 1.3.4.20200120-2
2022-03-06 04:29:09 startup archives install
2022-03-06 04:29:09 install debconf:all <none> 1.5.77
2022-03-06 04:29:09 status half-installed debconf:all 1.5.77
2022-03-06 04:29:09 status unpacked debconf:all 1.5.77
2022-03-06 04:29:09 configure debconf:all 1.5.77 1.5.77
2022-03-06 04:29:09 status half-configured debconf:all 1.5.77
2022-03-06 04:29:09 status installed debconf:all 1.5.77
2022-03-06 04:29:10 startup archives unpack
2022-03-06 04:29:10 install libacl1:amd64 <none> 2.2.53-10
2022-03-06 04:29:10 status half-installed libacl1:amd64 2.2.53-10
2022-03-06 04:29:10 status unpacked libacl1:amd64 2.2.53-10
2022-03-06 04:29:10 install adduser:all <none> 3.118
2022-03-06 04:29:10 status half-installed adduser:all 3.118
2022-03-06 04:29:10 status unpacked adduser:all 3.118
2022-03-06 04:29:10 install apt:amd64 <none> 2.2.4
2022-03-06 04:29:10 status half-installed apt:amd64 2.2.4
2022-03-06 04:29:10 status unpacked apt:amd64 2.2.4
2022-03-06 04:29:10 install libapt-pkg6.0:amd64 <none> 2.2.4
2022-03-06 04:29:10 status half-installed libapt-pkg6.0:amd64 2.2.4
2022-03-06 04:29:10 status unpacked libapt-pkg6.0:amd64 2.2.4
2022-03-06 04:29:10 install libattr1:amd64 <none> 1:2.4.48-6
2022-03-06 04:29:10 status half-installed libattr1:amd64 1:2.4.48-6
2022-03-06 04:29:10 status unpacked libattr1:amd64 1:2.4.48-6
2022-03-06 04:29:10 install libaudit-common:all <none> 1:3.0-2
2022-03-06 04:29:10 status half-installed libaudit-common:all 1:3.0-2
2022-03-06 04:29:10 status unpacked libaudit-common:all 1:3.0-2
2022-03-06 04:29:10 install libaudit1:amd64 <none> 1:3.0-2
2022-03-06 04:29:10 status half-installed libaudit1:amd64 1:3.0-2
2022-03-06 04:29:10 status unpacked libaudit1:amd64 1:3.0-2
2022-03-06 04:29:10 upgrade base-files:amd64 11.1+deb11u2 11.1+deb11u2
2022-03-06 04:29:10 status half-configured base-files:amd64 11.1+deb11u2
2022-03-06 04:29:10 status unpacked base-files:amd64 11.1+deb11u2
2022-03-06 04:29:10 status half-installed base-files:amd64 11.1+deb11u2
2022-03-06 04:29:10 status unpacked base-files:amd64 11.1+deb11u2
2022-03-06 04:29:10 upgrade base-passwd:amd64 3.5.51 3.5.51
2022-03-06 04:29:10 status half-configured base-passwd:amd64 3.5.51
2022-03-06 04:29:10 status unpacked base-passwd:amd64 3.5.51
2022-03-06 04:29:10 status half-installed base-passwd:amd64 3.5.51
2022-03-06 04:29:10 status unpacked base-passwd:amd64 3.5.51
2022-03-06 04:29:10 install bash:amd64 <none> 5.1-2+b3
2022-03-06 04:29:10 status half-installed bash:amd64 5.1-2+b3
2022-03-06 04:29:10 status unpacked bash:amd64 5.1-2+b3
2022-03-06 04:29:10 install libbz2-1.0:amd64 <none> 1.0.8-4
2022-03-06 04:29:10 status half-installed libbz2-1.0:amd64 1.0.8-4
2022-03-06 04:29:10 status unpacked libbz2-1.0:amd64 1.0.8-4
2022-03-06 04:29:10 install libdebconfclient0:amd64 <none> 0.260
2022-03-06 04:29:10 status half-installed libdebconfclient0:amd64 0.260
2022-03-06 04:29:10 status unpacked libdebconfclient0:amd64 0.260
2022-03-06 04:29:10 install coreutils:amd64 <none> 8.32-4+b1
2022-03-06 04:29:10 status half-installed coreutils:amd64 8.32-4+b1
2022-03-06 04:29:11 status unpacked coreutils:amd64 8.32-4+b1
2022-03-06 04:29:11 install dash:amd64 <none> 0.5.11+git20200708+dd9ef66-5
2022-03-06 04:29:11 status half-installed dash:amd64 0.5.11+git20200708+dd9ef66-5
2022-03-06 04:29:11 status unpacked dash:amd64 0.5.11+git20200708+dd9ef66-5
2022-03-06 04:29:11 install libdb5.3:amd64 <none> 5.3.28+dfsg1-0.8
2022-03-06 04:29:11 status half-installed libdb5.3:amd64 5.3.28+dfsg1-0.8
2022-03-06 04:29:11 status unpacked libdb5.3:amd64 5.3.28+dfsg1-0.8
2022-03-06 04:29:11 upgrade debconf:all 1.5.77 1.5.77
2022-03-06 04:29:11 status half-configured debconf:all 1.5.77
2022-03-06 04:29:11 status unpacked debconf:all 1.5.77
2022-03-06 04:29:11 status half-installed debconf:all 1.5.77
2022-03-06 04:29:11 status unpacked debconf:all 1.5.77
2022-03-06 04:29:11 install debian-archive-keyring:all <none> 2021.1.1
2022-03-06 04:29:11 status half-installed debian-archive-keyring:all 2021.1.1
2022-03-06 04:29:11 status unpacked debian-archive-keyring:all 2021.1.1
2022-03-06 04:29:11 install debianutils:amd64 <none> 4.11.2
2022-03-06 04:29:11 status half-installed debianutils:amd64 4.11.2
2022-03-06 04:29:11 status unpacked debianutils:amd64 4.11.2
2022-03-06 04:29:11 install diffutils:amd64 <none> 1:3.7-5
2022-03-06 04:29:11 status half-installed diffutils:amd64 1:3.7-5
2022-03-06 04:29:11 status unpacked diffutils:amd64 1:3.7-5
2022-03-06 04:29:11 upgrade dpkg:amd64 1.20.9 1.20.9
2022-03-06 04:29:11 status half-configured dpkg:amd64 1.20.9
2022-03-06 04:29:11 status unpacked dpkg:amd64 1.20.9
2022-03-06 04:29:11 status half-installed dpkg:amd64 1.20.9
2022-03-06 04:29:11 status unpacked dpkg:amd64 1.20.9
2022-03-06 04:29:11 install e2fsprogs:amd64 <none> 1.46.2-2
2022-03-06 04:29:11 status half-installed e2fsprogs:amd64 1.46.2-2
2022-03-06 04:29:11 status unpacked e2fsprogs:amd64 1.46.2-2
2022-03-06 04:29:11 install libcom-err2:amd64 <none> 1.46.2-2
2022-03-06 04:29:11 status half-installed libcom-err2:amd64 1.46.2-2
2022-03-06 04:29:11 status unpacked libcom-err2:amd64 1.46.2-2
2022-03-06 04:29:11 install libext2fs2:amd64 <none> 1.46.2-2
2022-03-06 04:29:11 status half-installed libext2fs2:amd64 1.46.2-2
2022-03-06 04:29:11 status unpacked libext2fs2:amd64 1.46.2-2
2022-03-06 04:29:11 install libss2:amd64 <none> 1.46.2-2
2022-03-06 04:29:11 status half-installed libss2:amd64 1.46.2-2
2022-03-06 04:29:11 status unpacked libss2:amd64 1.46.2-2
2022-03-06 04:29:11 install logsave:amd64 <none> 1.46.2-2
2022-03-06 04:29:11 status half-installed logsave:amd64 1.46.2-2
2022-03-06 04:29:11 status unpacked logsave:amd64 1.46.2-2
2022-03-06 04:29:11 install findutils:amd64 <none> 4.8.0-1
2022-03-06 04:29:11 status half-installed findutils:amd64 4.8.0-1
2022-03-06 04:29:12 status unpacked findutils:amd64 4.8.0-1
2022-03-06 04:29:12 install gcc-10-base:amd64 <none> 10.2.1-6
2022-03-06 04:29:12 status half-installed gcc-10-base:amd64 10.2.1-6
2022-03-06 04:29:12 status unpacked gcc-10-base:amd64 10.2.1-6
2022-03-06 04:29:12 install libgcc-s1:amd64 <none> 10.2.1-6
2022-03-06 04:29:12 status half-installed libgcc-s1:amd64 10.2.1-6
2022-03-06 04:29:12 status unpacked libgcc-s1:amd64 10.2.1-6
2022-03-06 04:29:12 install libstdc++6:amd64 <none> 10.2.1-6
2022-03-06 04:29:12 status half-installed libstdc++6:amd64 10.2.1-6
2022-03-06 04:29:12 status unpacked libstdc++6:amd64 10.2.1-6
2022-03-06 04:29:12 install gcc-9-base:amd64 <none> 9.3.0-22
2022-03-06 04:29:12 status half-installed gcc-9-base:amd64 9.3.0-22
2022-03-06 04:29:12 status unpacked gcc-9-base:amd64 9.3.0-22
2022-03-06 04:29:12 install libc-bin:amd64 <none> 2.31-13+deb11u2
2022-03-06 04:29:12 status half-installed libc-bin:amd64 2.31-13+deb11u2
2022-03-06 04:29:12 status unpacked libc-bin:amd64 2.31-13+deb11u2
2022-03-06 04:29:12 upgrade libc6:amd64 2.31-13+deb11u2 2.31-13+deb11u2
2022-03-06 04:29:12 status half-configured libc6:amd64 2.31-13+deb11u2
2022-03-06 04:29:12 status unpacked libc6:amd64 2.31-13+deb11u2
2022-03-06 04:29:12 status half-installed libc6:amd64 2.31-13+deb11u2
2022-03-06 04:29:12 status unpacked libc6:amd64 2.31-13+deb11u2
2022-03-06 04:29:12 install libgmp10:amd64 <none> 2:6.2.1+dfsg-1+deb11u1
2022-03-06 04:29:12 status half-installed libgmp10:amd64 2:6.2.1+dfsg-1+deb11u1
2022-03-06 04:29:12 status unpacked libgmp10:amd64 2:6.2.1+dfsg-1+deb11u1
2022-03-06 04:29:12 install gpgv:amd64 <none> 2.2.27-2
2022-03-06 04:29:12 status half-installed gpgv:amd64 2.2.27-2
2022-03-06 04:29:12 status unpacked gpgv:amd64 2.2.27-2
2022-03-06 04:29:12 install libgnutls30:amd64 <none> 3.7.1-5
2022-03-06 04:29:12 status half-installed libgnutls30:amd64 3.7.1-5
2022-03-06 04:29:13 status unpacked libgnutls30:amd64 3.7.1-5
2022-03-06 04:29:13 install grep:amd64 <none> 3.6-1
2022-03-06 04:29:13 status half-installed grep:amd64 3.6-1
2022-03-06 04:29:13 status unpacked grep:amd64 3.6-1
2022-03-06 04:29:13 install gzip:amd64 <none> 1.10-4
2022-03-06 04:29:13 status half-installed gzip:amd64 1.10-4
2022-03-06 04:29:13 status unpacked gzip:amd64 1.10-4
2022-03-06 04:29:13 install hostname:amd64 <none> 3.23
2022-03-06 04:29:13 status half-installed hostname:amd64 3.23
2022-03-06 04:29:13 status unpacked hostname:amd64 3.23
2022-03-06 04:29:13 install init-system-helpers:all <none> 1.60
2022-03-06 04:29:13 status half-installed init-system-helpers:all 1.60
2022-03-06 04:29:13 status unpacked init-system-helpers:all 1.60
2022-03-06 04:29:13 install libkeyutils1:amd64 <none> 1.6.1-2
2022-03-06 04:29:13 status half-installed libkeyutils1:amd64 1.6.1-2
2022-03-06 04:29:13 status unpacked libkeyutils1:amd64 1.6.1-2
2022-03-06 04:29:13 install libgssapi-krb5-2:amd64 <none> 1.18.3-6+deb11u1
2022-03-06 04:29:13 status half-installed libgssapi-krb5-2:amd64 1.18.3-6+deb11u1
2022-03-06 04:29:13 status unpacked libgssapi-krb5-2:amd64 1.18.3-6+deb11u1
2022-03-06 04:29:13 install libk5crypto3:amd64 <none> 1.18.3-6+deb11u1
2022-03-06 04:29:13 status half-installed libk5crypto3:amd64 1.18.3-6+deb11u1
2022-03-06 04:29:13 status unpacked libk5crypto3:amd64 1.18.3-6+deb11u1
2022-03-06 04:29:13 install libkrb5-3:amd64 <none> 1.18.3-6+deb11u1
2022-03-06 04:29:13 status half-installed libkrb5-3:amd64 1.18.3-6+deb11u1
2022-03-06 04:29:13 status unpacked libkrb5-3:amd64 1.18.3-6+deb11u1
2022-03-06 04:29:13 install libkrb5support0:amd64 <none> 1.18.3-6+deb11u1
2022-03-06 04:29:13 status half-installed libkrb5support0:amd64 1.18.3-6+deb11u1
2022-03-06 04:29:13 status unpacked libkrb5support0:amd64 1.18.3-6+deb11u1
2022-03-06 04:29:13 install libcap-ng0:amd64 <none> 0.7.9-2.2+b1
2022-03-06 04:29:13 status half-installed libcap-ng0:amd64 0.7.9-2.2+b1
2022-03-06 04:29:13 status unpacked libcap-ng0:amd64 0.7.9-2.2+b1
2022-03-06 04:29:13 install libffi7:amd64 <none> 3.3-6
2022-03-06 04:29:13 status half-installed libffi7:amd64 3.3-6
2022-03-06 04:29:13 status unpacked libffi7:amd64 3.3-6
2022-03-06 04:29:13 install libgcrypt20:amd64 <none> 1.8.7-6
2022-03-06 04:29:13 status half-installed libgcrypt20:amd64 1.8.7-6
2022-03-06 04:29:13 status unpacked libgcrypt20:amd64 1.8.7-6
2022-03-06 04:29:13 install libgpg-error0:amd64 <none> 1.38-2
2022-03-06 04:29:13 status half-installed libgpg-error0:amd64 1.38-2
2022-03-06 04:29:13 status unpacked libgpg-error0:amd64 1.38-2
2022-03-06 04:29:13 install libidn2-0:amd64 <none> 2.3.0-5
2022-03-06 04:29:13 status half-installed libidn2-0:amd64 2.3.0-5
2022-03-06 04:29:13 status unpacked libidn2-0:amd64 2.3.0-5
2022-03-06 04:29:13 install libnsl2:amd64 <none> 1.3.0-2
2022-03-06 04:29:13 status half-installed libnsl2:amd64 1.3.0-2
2022-03-06 04:29:13 status unpacked libnsl2:amd64 1.3.0-2
2022-03-06 04:29:13 install libseccomp2:amd64 <none> 2.5.1-1+deb11u1
2022-03-06 04:29:13 status half-installed libseccomp2:amd64 2.5.1-1+deb11u1
2022-03-06 04:29:13 status unpacked libseccomp2:amd64 2.5.1-1+deb11u1
2022-03-06 04:29:13 install libselinux1:amd64 <none> 3.1-3
2022-03-06 04:29:13 status half-installed libselinux1:amd64 3.1-3
2022-03-06 04:29:13 status unpacked libselinux1:amd64 3.1-3
2022-03-06 04:29:13 install libsemanage-common:all <none> 3.1-1
2022-03-06 04:29:13 status half-installed libsemanage-common:all 3.1-1
2022-03-06 04:29:13 status unpacked libsemanage-common:all 3.1-1
2022-03-06 04:29:13 install libsemanage1:amd64 <none> 3.1-1+b2
2022-03-06 04:29:13 status half-installed libsemanage1:amd64 3.1-1+b2
2022-03-06 04:29:13 status unpacked libsemanage1:amd64 3.1-1+b2
2022-03-06 04:29:13 install libsepol1:amd64 <none> 3.1-1
2022-03-06 04:29:13 status half-installed libsepol1:amd64 3.1-1
2022-03-06 04:29:13 status unpacked libsepol1:amd64 3.1-1
2022-03-06 04:29:13 install libtasn1-6:amd64 <none> 4.16.0-2
2022-03-06 04:29:13 status half-installed libtasn1-6:amd64 4.16.0-2
2022-03-06 04:29:13 status unpacked libtasn1-6:amd64 4.16.0-2
2022-03-06 04:29:13 install libtirpc-common:all <none> 1.3.1-1
2022-03-06 04:29:13 status half-installed libtirpc-common:all 1.3.1-1
2022-03-06 04:29:13 status unpacked libtirpc-common:all 1.3.1-1
2022-03-06 04:29:13 install libtirpc3:amd64 <none> 1.3.1-1
2022-03-06 04:29:13 status half-installed libtirpc3:amd64 1.3.1-1
2022-03-06 04:29:14 status unpacked libtirpc3:amd64 1.3.1-1
2022-03-06 04:29:14 install libunistring2:amd64 <none> 0.9.10-4
2022-03-06 04:29:14 status half-installed libunistring2:amd64 0.9.10-4
2022-03-06 04:29:14 status unpacked libunistring2:amd64 0.9.10-4
2022-03-06 04:29:14 install libcrypt1:amd64 <none> 1:4.4.18-4
2022-03-06 04:29:14 status half-installed libcrypt1:amd64 1:4.4.18-4
2022-03-06 04:29:14 status unpacked libcrypt1:amd64 1:4.4.18-4
2022-03-06 04:29:14 install libzstd1:amd64 <none> 1.4.8+dfsg-2.1
2022-03-06 04:29:14 status half-installed libzstd1:amd64 1.4.8+dfsg-2.1
2022-03-06 04:29:14 status unpacked libzstd1:amd64 1.4.8+dfsg-2.1
2022-03-06 04:29:14 install lsb-base:all <none> 11.1.0
2022-03-06 04:29:14 status half-installed lsb-base:all 11.1.0
2022-03-06 04:29:14 status unpacked lsb-base:all 11.1.0
2022-03-06 04:29:14 install liblz4-1:amd64 <none> 1.9.3-2
2022-03-06 04:29:14 status half-installed liblz4-1:amd64 1.9.3-2
2022-03-06 04:29:14 status unpacked liblz4-1:amd64 1.9.3-2
2022-03-06 04:29:14 upgrade mawk:amd64 1.3.4.20200120-2 1.3.4.20200120-2
2022-03-06 04:29:14 status half-configured mawk:amd64 1.3.4.20200120-2
2022-03-06 04:29:14 status unpacked mawk:amd64 1.3.4.20200120-2
2022-03-06 04:29:14 status half-installed mawk:amd64 1.3.4.20200120-2
2022-03-06 04:29:14 status unpacked mawk:amd64 1.3.4.20200120-2
2022-03-06 04:29:14 install libtinfo6:amd64 <none> 6.2+20201114-2
2022-03-06 04:29:14 status half-installed libtinfo6:amd64 6.2+20201114-2
2022-03-06 04:29:14 status unpacked libtinfo6:amd64 6.2+20201114-2
2022-03-06 04:29:14 install ncurses-base:all <none> 6.2+20201114-2
2022-03-06 04:29:14 status half-installed ncurses-base:all 6.2+20201114-2
2022-03-06 04:29:14 status unpacked ncurses-base:all 6.2+20201114-2
2022-03-06 04:29:14 install ncurses-bin:amd64 <none> 6.2+20201114-2
2022-03-06 04:29:14 status half-installed ncurses-bin:amd64 6.2+20201114-2
2022-03-06 04:29:14 status unpacked ncurses-bin:amd64 6.2+20201114-2
2022-03-06 04:29:14 install libhogweed6:amd64 <none> 3.7.3-1
2022-03-06 04:29:14 status half-installed libhogweed6:amd64 3.7.3-1
2022-03-06 04:29:14 status unpacked libhogweed6:amd64 3.7.3-1
2022-03-06 04:29:14 install libnettle8:amd64 <none> 3.7.3-1
2022-03-06 04:29:14 status half-installed libnettle8:amd64 3.7.3-1
2022-03-06 04:29:14 status unpacked libnettle8:amd64 3.7.3-1
2022-03-06 04:29:14 install libssl1.1:amd64 <none> 1.1.1k-1+deb11u1
2022-03-06 04:29:14 status half-installed libssl1.1:amd64 1.1.1k-1+deb11u1
2022-03-06 04:29:14 status unpacked libssl1.1:amd64 1.1.1k-1+deb11u1
2022-03-06 04:29:14 install libp11-kit0:amd64 <none> 0.23.22-1
2022-03-06 04:29:14 status half-installed libp11-kit0:amd64 0.23.22-1
2022-03-06 04:29:14 status unpacked libp11-kit0:amd64 0.23.22-1
2022-03-06 04:29:14 install libpam-modules:amd64 <none> 1.4.0-9+deb11u1
2022-03-06 04:29:14 status half-installed libpam-modules:amd64 1.4.0-9+deb11u1
2022-03-06 04:29:14 status unpacked libpam-modules:amd64 1.4.0-9+deb11u1
2022-03-06 04:29:14 install libpam-modules-bin:amd64 <none> 1.4.0-9+deb11u1
2022-03-06 04:29:14 status half-installed libpam-modules-bin:amd64 1.4.0-9+deb11u1
2022-03-06 04:29:14 status unpacked libpam-modules-bin:amd64 1.4.0-9+deb11u1
2022-03-06 04:29:14 install libpam-runtime:all <none> 1.4.0-9+deb11u1
2022-03-06 04:29:14 status half-installed libpam-runtime:all 1.4.0-9+deb11u1
2022-03-06 04:29:14 status unpacked libpam-runtime:all 1.4.0-9+deb11u1
2022-03-06 04:29:14 install libpam0g:amd64 <none> 1.4.0-9+deb11u1
2022-03-06 04:29:14 status half-installed libpam0g:amd64 1.4.0-9+deb11u1
2022-03-06 04:29:15 status unpacked libpam0g:amd64 1.4.0-9+deb11u1
2022-03-06 04:29:15 install libpcre2-8-0:amd64 <none> 10.36-2
2022-03-06 04:29:15 status half-installed libpcre2-8-0:amd64 10.36-2
2022-03-06 04:29:15 status unpacked libpcre2-8-0:amd64 10.36-2
2022-03-06 04:29:15 install libpcre3:amd64 <none> 2:8.39-13
2022-03-06 04:29:15 status half-installed libpcre3:amd64 2:8.39-13
2022-03-06 04:29:15 status unpacked libpcre3:amd64 2:8.39-13
2022-03-06 04:29:15 upgrade perl-base:amd64 5.32.1-4+deb11u2 5.32.1-4+deb11u2
2022-03-06 04:29:15 status half-configured perl-base:amd64 5.32.1-4+deb11u2
2022-03-06 04:29:15 status unpacked perl-base:amd64 5.32.1-4+deb11u2
2022-03-06 04:29:15 status half-installed perl-base:amd64 5.32.1-4+deb11u2
2022-03-06 04:29:15 status unpacked perl-base:amd64 5.32.1-4+deb11u2
2022-03-06 04:29:15 install sed:amd64 <none> 4.7-1
2022-03-06 04:29:15 status half-installed sed:amd64 4.7-1
2022-03-06 04:29:15 status unpacked sed:amd64 4.7-1
2022-03-06 04:29:15 install login:amd64 <none> 1:4.8.1-1
2022-03-06 04:29:15 status half-installed login:amd64 1:4.8.1-1
2022-03-06 04:29:15 status unpacked login:amd64 1:4.8.1-1
2022-03-06 04:29:15 install passwd:amd64 <none> 1:4.8.1-1
2022-03-06 04:29:15 status half-installed passwd:amd64 1:4.8.1-1
2022-03-06 04:29:15 status unpacked passwd:amd64 1:4.8.1-1
2022-03-06 04:29:15 install libsystemd0:amd64 <none> 247.3-6
2022-03-06 04:29:15 status half-installed libsystemd0:amd64 247.3-6
2022-03-06 04:29:15 status unpacked libsystemd0:amd64 247.3-6
2022-03-06 04:29:15 install libudev1:amd64 <none> 247.3-6
2022-03-06 04:29:15 status half-installed libudev1:amd64 247.3-6
2022-03-06 04:29:15 status unpacked libudev1:amd64 247.3-6
2022-03-06 04:29:15 install sysvinit-utils:amd64 <none> 2.96-7
2022-03-06 04:29:15 status half-installed sysvinit-utils:amd64 2.96-7
2022-03-06 04:29:15 status unpacked sysvinit-utils:amd64 2.96-7
2022-03-06 04:29:15 install tar:amd64 <none> 1.34+dfsg-1
2022-03-06 04:29:15 status half-installed tar:amd64 1.34+dfsg-1
2022-03-06 04:29:16 status unpacked tar:amd64 1.34+dfsg-1
2022-03-06 04:29:16 install tzdata:all <none> 2021a-1+deb11u2
2022-03-06 04:29:16 status half-installed tzdata:all 2021a-1+deb11u2
2022-03-06 04:29:16 status unpacked tzdata:all 2021a-1+deb11u2
2022-03-06 04:29:16 install bsdutils:amd64 <none> 1:2.36.1-8
2022-03-06 04:29:16 status half-installed bsdutils:amd64 1:2.36.1-8
2022-03-06 04:29:16 status unpacked bsdutils:amd64 1:2.36.1-8
2022-03-06 04:29:16 install libblkid1:amd64 <none> 2.36.1-8
2022-03-06 04:29:16 status half-installed libblkid1:amd64 2.36.1-8
2022-03-06 04:29:16 status unpacked libblkid1:amd64 2.36.1-8
2022-03-06 04:29:16 install libmount1:amd64 <none> 2.36.1-8
2022-03-06 04:29:16 status half-installed libmount1:amd64 2.36.1-8
2022-03-06 04:29:16 status unpacked libmount1:amd64 2.36.1-8
2022-03-06 04:29:16 install libsmartcols1:amd64 <none> 2.36.1-8
2022-03-06 04:29:16 status half-installed libsmartcols1:amd64 2.36.1-8
2022-03-06 04:29:16 status unpacked libsmartcols1:amd64 2.36.1-8
2022-03-06 04:29:16 install libuuid1:amd64 <none> 2.36.1-8
2022-03-06 04:29:16 status half-installed libuuid1:amd64 2.36.1-8
2022-03-06 04:29:16 status unpacked libuuid1:amd64 2.36.1-8
2022-03-06 04:29:16 install mount:amd64 <none> 2.36.1-8
2022-03-06 04:29:16 status half-installed mount:amd64 2.36.1-8
2022-03-06 04:29:16 status unpacked mount:amd64 2.36.1-8
2022-03-06 04:29:16 install util-linux:amd64 <none> 2.36.1-8
2022-03-06 04:29:16 status half-installed util-linux:amd64 2.36.1-8
2022-03-06 04:29:16 status unpacked util-linux:amd64 2.36.1-8
2022-03-06 04:29:16 install libxxhash0:amd64 <none> 0.8.0-2
2022-03-06 04:29:16 status half-installed libxxhash0:amd64 0.8.0-2
2022-03-06 04:29:16 status unpacked libxxhash0:amd64 0.8.0-2
2022-03-06 04:29:16 install liblzma5:amd64 <none> 5.2.5-2
2022-03-06 04:29:16 status half-installed liblzma5:amd64 5.2.5-2
2022-03-06 04:29:16 status unpacked liblzma5:amd64 5.2.5-2
2022-03-06 04:29:16 install zlib1g:amd64 <none> 1:1.2.11.dfsg-2
2022-03-06 04:29:16 status half-installed zlib1g:amd64 1:1.2.11.dfsg-2
2022-03-06 04:29:16 status unpacked zlib1g:amd64 1:1.2.11.dfsg-2
2022-03-06 04:29:17 startup packages configure
2022-03-06 04:29:17 configure lsb-base:all 11.1.0 <none>
2022-03-06 04:29:17 status unpacked lsb-base:all 11.1.0
2022-03-06 04:29:17 status half-configured lsb-base:all 11.1.0
2022-03-06 04:29:17 status installed lsb-base:all 11.1.0
2022-03-06 04:29:17 configure libtirpc-common:all 1.3.1-1 <none>
2022-03-06 04:29:17 status unpacked libtirpc-common:all 1.3.1-1
2022-03-06 04:29:17 status half-configured libtirpc-common:all 1.3.1-1
2022-03-06 04:29:17 status installed libtirpc-common:all 1.3.1-1
2022-03-06 04:29:17 configure debian-archive-keyring:all 2021.1.1 <none>
2022-03-06 04:29:17 status unpacked debian-archive-keyring:all 2021.1.1
2022-03-06 04:29:17 status half-configured debian-archive-keyring:all 2021.1.1
2022-03-06 04:29:17 status installed debian-archive-keyring:all 2021.1.1
2022-03-06 04:29:17 configure libaudit-common:all 1:3.0-2 <none>
2022-03-06 04:29:17 status unpacked libaudit-common:all 1:3.0-2
2022-03-06 04:29:17 status half-configured libaudit-common:all 1:3.0-2
2022-03-06 04:29:17 status installed libaudit-common:all 1:3.0-2
2022-03-06 04:29:17 configure libsemanage-common:all 3.1-1 <none>
2022-03-06 04:29:17 status unpacked libsemanage-common:all 3.1-1
2022-03-06 04:29:17 status half-configured libsemanage-common:all 3.1-1
2022-03-06 04:29:17 status installed libsemanage-common:all 3.1-1
2022-03-06 04:29:17 configure gcc-10-base:amd64 10.2.1-6 <none>
2022-03-06 04:29:17 status unpacked gcc-10-base:amd64 10.2.1-6
2022-03-06 04:29:17 status half-configured gcc-10-base:amd64 10.2.1-6
2022-03-06 04:29:17 status installed gcc-10-base:amd64 10.2.1-6
2022-03-06 04:29:17 configure ncurses-base:all 6.2+20201114-2 <none>
2022-03-06 04:29:17 status unpacked ncurses-base:all 6.2+20201114-2
2022-03-06 04:29:17 status half-configured ncurses-base:all 6.2+20201114-2
2022-03-06 04:29:17 status installed ncurses-base:all 6.2+20201114-2
2022-03-06 04:29:17 configure gcc-9-base:amd64 9.3.0-22 <none>
2022-03-06 04:29:17 status unpacked gcc-9-base:amd64 9.3.0-22
2022-03-06 04:29:17 status half-configured gcc-9-base:amd64 9.3.0-22
2022-03-06 04:29:17 status installed gcc-9-base:amd64 9.3.0-22
2022-03-06 04:29:17 configure libcrypt1:amd64 1:4.4.18-4 <none>
2022-03-06 04:29:17 status unpacked libcrypt1:amd64 1:4.4.18-4
2022-03-06 04:29:17 status half-configured libcrypt1:amd64 1:4.4.18-4
2022-03-06 04:29:17 status installed libcrypt1:amd64 1:4.4.18-4
2022-03-06 04:29:17 configure libgcc-s1:amd64 10.2.1-6 <none>
2022-03-06 04:29:17 status unpacked libgcc-s1:amd64 10.2.1-6
2022-03-06 04:29:17 status half-configured libgcc-s1:amd64 10.2.1-6
2022-03-06 04:29:17 status installed libgcc-s1:amd64 10.2.1-6
2022-03-06 04:29:17 configure libc6:amd64 2.31-13+deb11u2 <none>
2022-03-06 04:29:17 status unpacked libc6:amd64 2.31-13+deb11u2
2022-03-06 04:29:17 status half-configured libc6:amd64 2.31-13+deb11u2
2022-03-06 04:29:17 status installed libc6:amd64 2.31-13+deb11u2
2022-03-06 04:29:17 configure libudev1:amd64 247.3-6 <none>
2022-03-06 04:29:17 status unpacked libudev1:amd64 247.3-6
2022-03-06 04:29:17 status half-configured libudev1:amd64 247.3-6
2022-03-06 04:29:17 status installed libudev1:amd64 247.3-6
2022-03-06 04:29:17 configure libsepol1:amd64 3.1-1 <none>
2022-03-06 04:29:17 status unpacked libsepol1:amd64 3.1-1
2022-03-06 04:29:17 status half-configured libsepol1:amd64 3.1-1
2022-03-06 04:29:17 status installed libsepol1:amd64 3.1-1
2022-03-06 04:29:17 configure libxxhash0:amd64 0.8.0-2 <none>
2022-03-06 04:29:17 status unpacked libxxhash0:amd64 0.8.0-2
2022-03-06 04:29:17 status half-configured libxxhash0:amd64 0.8.0-2
2022-03-06 04:29:17 status installed libxxhash0:amd64 0.8.0-2
2022-03-06 04:29:17 configure libattr1:amd64 1:2.4.48-6 <none>
2022-03-06 04:29:17 status unpacked libattr1:amd64 1:2.4.48-6
2022-03-06 04:29:17 status half-configured libattr1:amd64 1:2.4.48-6
2022-03-06 04:29:17 status installed libattr1:amd64 1:2.4.48-6
2022-03-06 04:29:17 configure sysvinit-utils:amd64 2.96-7 <none>
2022-03-06 04:29:17 status unpacked sysvinit-utils:amd64 2.96-7
2022-03-06 04:29:17 status half-configured sysvinit-utils:amd64 2.96-7
2022-03-06 04:29:17 status installed sysvinit-utils:amd64 2.96-7
2022-03-06 04:29:17 configure libtasn1-6:amd64 4.16.0-2 <none>
2022-03-06 04:29:17 status unpacked libtasn1-6:amd64 4.16.0-2
2022-03-06 04:29:17 status half-configured libtasn1-6:amd64 4.16.0-2
2022-03-06 04:29:17 status installed libtasn1-6:amd64 4.16.0-2
2022-03-06 04:29:17 configure debianutils:amd64 4.11.2 <none>
2022-03-06 04:29:17 status unpacked debianutils:amd64 4.11.2
2022-03-06 04:29:17 status half-configured debianutils:amd64 4.11.2
2022-03-06 04:29:17 status installed debianutils:amd64 4.11.2
2022-03-06 04:29:17 configure mawk:amd64 1.3.4.20200120-2 <none>
2022-03-06 04:29:17 status unpacked mawk:amd64 1.3.4.20200120-2
2022-03-06 04:29:17 status half-configured mawk:amd64 1.3.4.20200120-2
2022-03-06 04:29:17 status installed mawk:amd64 1.3.4.20200120-2
2022-03-06 04:29:17 configure libdebconfclient0:amd64 0.260 <none>
2022-03-06 04:29:17 status unpacked libdebconfclient0:amd64 0.260
2022-03-06 04:29:17 status half-configured libdebconfclient0:amd64 0.260
2022-03-06 04:29:17 status installed libdebconfclient0:amd64 0.260
2022-03-06 04:29:17 configure base-files:amd64 11.1+deb11u2 <none>
2022-03-06 04:29:17 status unpacked base-files:amd64 11.1+deb11u2
2022-03-06 04:29:17 status half-configured base-files:amd64 11.1+deb11u2
2022-03-06 04:29:17 status installed base-files:amd64 11.1+deb11u2
2022-03-06 04:29:17 configure libbz2-1.0:amd64 1.0.8-4 <none>
2022-03-06 04:29:17 status unpacked libbz2-1.0:amd64 1.0.8-4
2022-03-06 04:29:17 status half-configured libbz2-1.0:amd64 1.0.8-4
2022-03-06 04:29:17 status installed libbz2-1.0:amd64 1.0.8-4
2022-03-06 04:29:17 configure base-passwd:amd64 3.5.51 <none>
2022-03-06 04:29:17 status unpacked base-passwd:amd64 3.5.51
2022-03-06 04:29:17 status half-configured base-passwd:amd64 3.5.51
2022-03-06 04:29:17 status installed base-passwd:amd64 3.5.51
2022-03-06 04:29:17 configure libdb5.3:amd64 5.3.28+dfsg1-0.8 <none>
2022-03-06 04:29:17 status unpacked libdb5.3:amd64 5.3.28+dfsg1-0.8
2022-03-06 04:29:17 status half-configured libdb5.3:amd64 5.3.28+dfsg1-0.8
2022-03-06 04:29:17 status installed libdb5.3:amd64 5.3.28+dfsg1-0.8
2022-03-06 04:29:17 configure libblkid1:amd64 2.36.1-8 <none>
2022-03-06 04:29:17 status unpacked libblkid1:amd64 2.36.1-8
2022-03-06 04:29:17 status half-configured libblkid1:amd64 2.36.1-8
2022-03-06 04:29:17 status installed libblkid1:amd64 2.36.1-8
2022-03-06 04:29:17 configure libstdc++6:amd64 10.2.1-6 <none>
2022-03-06 04:29:17 status unpacked libstdc++6:amd64 10.2.1-6
2022-03-06 04:29:17 status half-configured libstdc++6:amd64 10.2.1-6
2022-03-06 04:29:17 status installed libstdc++6:amd64 10.2.1-6
2022-03-06 04:29:17 configure libtinfo6:amd64 6.2+20201114-2 <none>
2022-03-06 04:29:17 status unpacked libtinfo6:amd64 6.2+20201114-2
2022-03-06 04:29:17 status half-configured libtinfo6:amd64 6.2+20201114-2
2022-03-06 04:29:17 status installed libtinfo6:amd64 6.2+20201114-2
2022-03-06 04:29:17 configure bash:amd64 5.1-2+b3 <none>
2022-03-06 04:29:17 status unpacked bash:amd64 5.1-2+b3
2022-03-06 04:29:17 status half-configured bash:amd64 5.1-2+b3
2022-03-06 04:29:17 status installed bash:amd64 5.1-2+b3
2022-03-06 04:29:17 configure libzstd1:amd64 1.4.8+dfsg-2.1 <none>
2022-03-06 04:29:17 status unpacked libzstd1:amd64 1.4.8+dfsg-2.1
2022-03-06 04:29:17 status half-configured libzstd1:amd64 1.4.8+dfsg-2.1
2022-03-06 04:29:17 status installed libzstd1:amd64 1.4.8+dfsg-2.1
2022-03-06 04:29:17 configure libkeyutils1:amd64 1.6.1-2 <none>
2022-03-06 04:29:17 status unpacked libkeyutils1:amd64 1.6.1-2
2022-03-06 04:29:17 status half-configured libkeyutils1:amd64 1.6.1-2
2022-03-06 04:29:17 status installed libkeyutils1:amd64 1.6.1-2
2022-03-06 04:29:17 configure liblzma5:amd64 5.2.5-2 <none>
2022-03-06 04:29:17 status unpacked liblzma5:amd64 5.2.5-2
2022-03-06 04:29:17 status half-configured liblzma5:amd64 5.2.5-2
2022-03-06 04:29:17 status installed liblzma5:amd64 5.2.5-2
2022-03-06 04:29:17 configure libgpg-error0:amd64 1.38-2 <none>
2022-03-06 04:29:17 status unpacked libgpg-error0:amd64 1.38-2
2022-03-06 04:29:17 status half-configured libgpg-error0:amd64 1.38-2
2022-03-06 04:29:17 status installed libgpg-error0:amd64 1.38-2
2022-03-06 04:29:17 configure liblz4-1:amd64 1.9.3-2 <none>
2022-03-06 04:29:17 status unpacked liblz4-1:amd64 1.9.3-2
2022-03-06 04:29:17 status half-configured liblz4-1:amd64 1.9.3-2
2022-03-06 04:29:17 status installed liblz4-1:amd64 1.9.3-2
2022-03-06 04:29:17 configure libc-bin:amd64 2.31-13+deb11u2 <none>
2022-03-06 04:29:17 status unpacked libc-bin:amd64 2.31-13+deb11u2
2022-03-06 04:29:17 status half-configured libc-bin:amd64 2.31-13+deb11u2
2022-03-06 04:29:17 status installed libc-bin:amd64 2.31-13+deb11u2
2022-03-06 04:29:17 configure ncurses-bin:amd64 6.2+20201114-2 <none>
2022-03-06 04:29:17 status unpacked ncurses-bin:amd64 6.2+20201114-2
2022-03-06 04:29:17 status half-configured ncurses-bin:amd64 6.2+20201114-2
2022-03-06 04:29:17 status installed ncurses-bin:amd64 6.2+20201114-2
2022-03-06 04:29:17 configure libffi7:amd64 3.3-6 <none>
2022-03-06 04:29:17 status triggers-pending libc-bin:amd64 2.31-13+deb11u2
2022-03-06 04:29:17 status unpacked libffi7:amd64 3.3-6
2022-03-06 04:29:17 status half-configured libffi7:amd64 3.3-6
2022-03-06 04:29:17 status installed libffi7:amd64 3.3-6
2022-03-06 04:29:17 configure libacl1:amd64 2.2.53-10 <none>
2022-03-06 04:29:17 status unpacked libacl1:amd64 2.2.53-10
2022-03-06 04:29:17 status half-configured libacl1:amd64 2.2.53-10
2022-03-06 04:29:17 status installed libacl1:amd64 2.2.53-10
2022-03-06 04:29:17 configure libunistring2:amd64 0.9.10-4 <none>
2022-03-06 04:29:17 status unpacked libunistring2:amd64 0.9.10-4
2022-03-06 04:29:17 status half-configured libunistring2:amd64 0.9.10-4
2022-03-06 04:29:17 status installed libunistring2:amd64 0.9.10-4
2022-03-06 04:29:17 configure libsmartcols1:amd64 2.36.1-8 <none>
2022-03-06 04:29:17 status unpacked libsmartcols1:amd64 2.36.1-8
2022-03-06 04:29:17 status half-configured libsmartcols1:amd64 2.36.1-8
2022-03-06 04:29:17 status installed libsmartcols1:amd64 2.36.1-8
2022-03-06 04:29:17 configure libgcrypt20:amd64 1.8.7-6 <none>
2022-03-06 04:29:17 status unpacked libgcrypt20:amd64 1.8.7-6
2022-03-06 04:29:17 status half-configured libgcrypt20:amd64 1.8.7-6
2022-03-06 04:29:17 status installed libgcrypt20:amd64 1.8.7-6
2022-03-06 04:29:17 configure zlib1g:amd64 1:1.2.11.dfsg-2 <none>
2022-03-06 04:29:17 status unpacked zlib1g:amd64 1:1.2.11.dfsg-2
2022-03-06 04:29:17 status half-configured zlib1g:amd64 1:1.2.11.dfsg-2
2022-03-06 04:29:17 status installed zlib1g:amd64 1:1.2.11.dfsg-2
2022-03-06 04:29:17 configure libidn2-0:amd64 2.3.0-5 <none>
2022-03-06 04:29:17 status unpacked libidn2-0:amd64 2.3.0-5
2022-03-06 04:29:17 status half-configured libidn2-0:amd64 2.3.0-5
2022-03-06 04:29:17 status installed libidn2-0:amd64 2.3.0-5
2022-03-06 04:29:17 configure libcom-err2:amd64 1.46.2-2 <none>
2022-03-06 04:29:17 status unpacked libcom-err2:amd64 1.46.2-2
2022-03-06 04:29:17 status half-configured libcom-err2:amd64 1.46.2-2
2022-03-06 04:29:17 status installed libcom-err2:amd64 1.46.2-2
2022-03-06 04:29:17 configure diffutils:amd64 1:3.7-5 <none>
2022-03-06 04:29:17 status unpacked diffutils:amd64 1:3.7-5
2022-03-06 04:29:17 status half-configured diffutils:amd64 1:3.7-5
2022-03-06 04:29:17 status installed diffutils:amd64 1:3.7-5
2022-03-06 04:29:17 configure libseccomp2:amd64 2.5.1-1+deb11u1 <none>
2022-03-06 04:29:17 status unpacked libseccomp2:amd64 2.5.1-1+deb11u1
2022-03-06 04:29:17 status half-configured libseccomp2:amd64 2.5.1-1+deb11u1
2022-03-06 04:29:17 status installed libseccomp2:amd64 2.5.1-1+deb11u1
2022-03-06 04:29:17 configure libsystemd0:amd64 247.3-6 <none>
2022-03-06 04:29:17 status unpacked libsystemd0:amd64 247.3-6
2022-03-06 04:29:17 status half-configured libsystemd0:amd64 247.3-6
2022-03-06 04:29:17 status installed libsystemd0:amd64 247.3-6
2022-03-06 04:29:17 configure libkrb5support0:amd64 1.18.3-6+deb11u1 <none>
2022-03-06 04:29:17 status unpacked libkrb5support0:amd64 1.18.3-6+deb11u1
2022-03-06 04:29:17 status half-configured libkrb5support0:amd64 1.18.3-6+deb11u1
2022-03-06 04:29:17 status installed libkrb5support0:amd64 1.18.3-6+deb11u1
2022-03-06 04:29:17 configure hostname:amd64 3.23 <none>
2022-03-06 04:29:17 status unpacked hostname:amd64 3.23
2022-03-06 04:29:17 status half-configured hostname:amd64 3.23
2022-03-06 04:29:17 status installed hostname:amd64 3.23
2022-03-06 04:29:17 configure libpcre3:amd64 2:8.39-13 <none>
2022-03-06 04:29:17 status unpacked libpcre3:amd64 2:8.39-13
2022-03-06 04:29:17 status half-configured libpcre3:amd64 2:8.39-13
2022-03-06 04:29:17 status installed libpcre3:amd64 2:8.39-13
2022-03-06 04:29:17 configure libcap-ng0:amd64 0.7.9-2.2+b1 <none>
2022-03-06 04:29:17 status unpacked libcap-ng0:amd64 0.7.9-2.2+b1
2022-03-06 04:29:17 status half-configured libcap-ng0:amd64 0.7.9-2.2+b1
2022-03-06 04:29:17 status installed libcap-ng0:amd64 0.7.9-2.2+b1
2022-03-06 04:29:17 configure libext2fs2:amd64 1.46.2-2 <none>
2022-03-06 04:29:17 status unpacked libext2fs2:amd64 1.46.2-2
2022-03-06 04:29:17 status half-configured libext2fs2:amd64 1.46.2-2
2022-03-06 04:29:17 status installed libext2fs2:amd64 1.46.2-2
2022-03-06 04:29:17 configure libnettle8:amd64 3.7.3-1 <none>
2022-03-06 04:29:17 status unpacked libnettle8:amd64 3.7.3-1
2022-03-06 04:29:17 status half-configured libnettle8:amd64 3.7.3-1
2022-03-06 04:29:17 status installed libnettle8:amd64 3.7.3-1
2022-03-06 04:29:17 configure libapt-pkg6.0:amd64 2.2.4 <none>
2022-03-06 04:29:17 status unpacked libapt-pkg6.0:amd64 2.2.4
2022-03-06 04:29:17 status half-configured libapt-pkg6.0:amd64 2.2.4
2022-03-06 04:29:17 status installed libapt-pkg6.0:amd64 2.2.4
2022-03-06 04:29:17 configure libgmp10:amd64 2:6.2.1+dfsg-1+deb11u1 <none>
2022-03-06 04:29:17 status unpacked libgmp10:amd64 2:6.2.1+dfsg-1+deb11u1
2022-03-06 04:29:17 status half-configured libgmp10:amd64 2:6.2.1+dfsg-1+deb11u1
2022-03-06 04:29:17 status installed libgmp10:amd64 2:6.2.1+dfsg-1+deb11u1
2022-03-06 04:29:17 configure libp11-kit0:amd64 0.23.22-1 <none>
2022-03-06 04:29:17 status unpacked libp11-kit0:amd64 0.23.22-1
2022-03-06 04:29:17 status half-configured libp11-kit0:amd64 0.23.22-1
2022-03-06 04:29:17 status installed libp11-kit0:amd64 0.23.22-1
2022-03-06 04:29:17 configure libaudit1:amd64 1:3.0-2 <none>
2022-03-06 04:29:17 status unpacked libaudit1:amd64 1:3.0-2
2022-03-06 04:29:17 status half-configured libaudit1:amd64 1:3.0-2
2022-03-06 04:29:17 status installed libaudit1:amd64 1:3.0-2
2022-03-06 04:29:17 configure libuuid1:amd64 2.36.1-8 <none>
2022-03-06 04:29:17 status unpacked libuuid1:amd64 2.36.1-8
2022-03-06 04:29:17 status half-configured libuuid1:amd64 2.36.1-8
2022-03-06 04:29:17 status installed libuuid1:amd64 2.36.1-8
2022-03-06 04:29:17 configure libss2:amd64 1.46.2-2 <none>
2022-03-06 04:29:17 status unpacked libss2:amd64 1.46.2-2
2022-03-06 04:29:17 status half-configured libss2:amd64 1.46.2-2
2022-03-06 04:29:17 status installed libss2:amd64 1.46.2-2
2022-03-06 04:29:17 configure libpcre2-8-0:amd64 10.36-2 <none>
2022-03-06 04:29:17 status unpacked libpcre2-8-0:amd64 10.36-2
2022-03-06 04:29:17 status half-configured libpcre2-8-0:amd64 10.36-2
2022-03-06 04:29:17 status installed libpcre2-8-0:amd64 10.36-2
2022-03-06 04:29:17 configure libk5crypto3:amd64 1.18.3-6+deb11u1 <none>
2022-03-06 04:29:17 status unpacked libk5crypto3:amd64 1.18.3-6+deb11u1
2022-03-06 04:29:17 status half-configured libk5crypto3:amd64 1.18.3-6+deb11u1
2022-03-06 04:29:17 status installed libk5crypto3:amd64 1.18.3-6+deb11u1
2022-03-06 04:29:17 configure logsave:amd64 1.46.2-2 <none>
2022-03-06 04:29:17 status unpacked logsave:amd64 1.46.2-2
2022-03-06 04:29:17 status half-configured logsave:amd64 1.46.2-2
2022-03-06 04:29:17 status installed logsave:amd64 1.46.2-2
2022-03-06 04:29:17 configure gpgv:amd64 2.2.27-2 <none>
2022-03-06 04:29:17 status unpacked gpgv:amd64 2.2.27-2
2022-03-06 04:29:17 status half-configured gpgv:amd64 2.2.27-2
2022-03-06 04:29:17 status installed gpgv:amd64 2.2.27-2
2022-03-06 04:29:17 configure libhogweed6:amd64 3.7.3-1 <none>
2022-03-06 04:29:17 status unpacked libhogweed6:amd64 3.7.3-1
2022-03-06 04:29:17 status half-configured libhogweed6:amd64 3.7.3-1
2022-03-06 04:29:17 status installed libhogweed6:amd64 3.7.3-1
2022-03-06 04:29:17 configure bsdutils:amd64 1:2.36.1-8 <none>
2022-03-06 04:29:17 status unpacked bsdutils:amd64 1:2.36.1-8
2022-03-06 04:29:17 status half-configured bsdutils:amd64 1:2.36.1-8
2022-03-06 04:29:17 status installed bsdutils:amd64 1:2.36.1-8
2022-03-06 04:29:17 configure e2fsprogs:amd64 1.46.2-2 <none>
2022-03-06 04:29:17 status unpacked e2fsprogs:amd64 1.46.2-2
2022-03-06 04:29:17 status half-configured e2fsprogs:amd64 1.46.2-2
2022-03-06 04:29:18 status installed e2fsprogs:amd64 1.46.2-2
2022-03-06 04:29:18 configure libselinux1:amd64 3.1-3 <none>
2022-03-06 04:29:18 status unpacked libselinux1:amd64 3.1-3
2022-03-06 04:29:18 status half-configured libselinux1:amd64 3.1-3
2022-03-06 04:29:18 status installed libselinux1:amd64 3.1-3
2022-03-06 04:29:18 configure libgnutls30:amd64 3.7.1-5 <none>
2022-03-06 04:29:18 status unpacked libgnutls30:amd64 3.7.1-5
2022-03-06 04:29:18 status half-configured libgnutls30:amd64 3.7.1-5
2022-03-06 04:29:18 status installed libgnutls30:amd64 3.7.1-5
2022-03-06 04:29:18 configure sed:amd64 4.7-1 <none>
2022-03-06 04:29:18 status unpacked sed:amd64 4.7-1
2022-03-06 04:29:18 status half-configured sed:amd64 4.7-1
2022-03-06 04:29:18 status installed sed:amd64 4.7-1
2022-03-06 04:29:18 configure findutils:amd64 4.8.0-1 <none>
2022-03-06 04:29:18 status unpacked findutils:amd64 4.8.0-1
2022-03-06 04:29:18 status half-configured findutils:amd64 4.8.0-1
2022-03-06 04:29:18 status installed findutils:amd64 4.8.0-1
2022-03-06 04:29:18 configure libmount1:amd64 2.36.1-8 <none>
2022-03-06 04:29:18 status unpacked libmount1:amd64 2.36.1-8
2022-03-06 04:29:18 status half-configured libmount1:amd64 2.36.1-8
2022-03-06 04:29:18 status installed libmount1:amd64 2.36.1-8
2022-03-06 04:29:18 configure libsemanage1:amd64 3.1-1+b2 <none>
2022-03-06 04:29:18 status unpacked libsemanage1:amd64 3.1-1+b2
2022-03-06 04:29:18 status half-configured libsemanage1:amd64 3.1-1+b2
2022-03-06 04:29:18 status installed libsemanage1:amd64 3.1-1+b2
2022-03-06 04:29:18 configure tar:amd64 1.34+dfsg-1 <none>
2022-03-06 04:29:18 status unpacked tar:amd64 1.34+dfsg-1
2022-03-06 04:29:18 status half-configured tar:amd64 1.34+dfsg-1
2022-03-06 04:29:18 status installed tar:amd64 1.34+dfsg-1
2022-03-06 04:29:18 configure coreutils:amd64 8.32-4+b1 <none>
2022-03-06 04:29:18 status unpacked coreutils:amd64 8.32-4+b1
2022-03-06 04:29:18 status half-configured coreutils:amd64 8.32-4+b1
2022-03-06 04:29:18 status installed coreutils:amd64 8.32-4+b1
2022-03-06 04:29:18 configure dpkg:amd64 1.20.9 <none>
2022-03-06 04:29:18 status unpacked dpkg:amd64 1.20.9
2022-03-06 04:29:18 status half-configured dpkg:amd64 1.20.9
2022-03-06 04:29:18 status installed dpkg:amd64 1.20.9
2022-03-06 04:29:18 configure grep:amd64 3.6-1 <none>
2022-03-06 04:29:18 status unpacked grep:amd64 3.6-1
2022-03-06 04:29:18 status half-configured grep:amd64 3.6-1
2022-03-06 04:29:18 status installed grep:amd64 3.6-1
2022-03-06 04:29:18 configure perl-base:amd64 5.32.1-4+deb11u2 <none>
2022-03-06 04:29:18 status unpacked perl-base:amd64 5.32.1-4+deb11u2
2022-03-06 04:29:18 status half-configured perl-base:amd64 5.32.1-4+deb11u2
2022-03-06 04:29:18 status installed perl-base:amd64 5.32.1-4+deb11u2
2022-03-06 04:29:18 configure init-system-helpers:all 1.60 <none>
2022-03-06 04:29:18 status unpacked init-system-helpers:all 1.60
2022-03-06 04:29:18 status half-configured init-system-helpers:all 1.60
2022-03-06 04:29:18 status installed init-system-helpers:all 1.60
2022-03-06 04:29:18 configure gzip:amd64 1.10-4 <none>
2022-03-06 04:29:18 status unpacked gzip:amd64 1.10-4
2022-03-06 04:29:18 status half-configured gzip:amd64 1.10-4
2022-03-06 04:29:18 status installed gzip:amd64 1.10-4
2022-03-06 04:29:18 configure debconf:all 1.5.77 <none>
2022-03-06 04:29:18 status unpacked debconf:all 1.5.77
2022-03-06 04:29:18 status half-configured debconf:all 1.5.77
2022-03-06 04:29:18 status installed debconf:all 1.5.77
2022-03-06 04:29:18 configure tzdata:all 2021a-1+deb11u2 <none>
2022-03-06 04:29:18 status unpacked tzdata:all 2021a-1+deb11u2
2022-03-06 04:29:18 status half-configured tzdata:all 2021a-1+deb11u2
2022-03-06 04:29:18 status installed tzdata:all 2021a-1+deb11u2
2022-03-06 04:29:18 configure libpam0g:amd64 1.4.0-9+deb11u1 <none>
2022-03-06 04:29:18 status unpacked libpam0g:amd64 1.4.0-9+deb11u1
2022-03-06 04:29:18 status half-configured libpam0g:amd64 1.4.0-9+deb11u1
2022-03-06 04:29:18 status installed libpam0g:amd64 1.4.0-9+deb11u1
2022-03-06 04:29:18 configure dash:amd64 0.5.11+git20200708+dd9ef66-5 <none>
2022-03-06 04:29:18 status unpacked dash:amd64 0.5.11+git20200708+dd9ef66-5
2022-03-06 04:29:18 status half-configured dash:amd64 0.5.11+git20200708+dd9ef66-5
2022-03-06 04:29:18 status installed dash:amd64 0.5.11+git20200708+dd9ef66-5
2022-03-06 04:29:18 configure libssl1.1:amd64 1.1.1k-1+deb11u1 <none>
2022-03-06 04:29:18 status unpacked libssl1.1:amd64 1.1.1k-1+deb11u1
2022-03-06 04:29:18 status half-configured libssl1.1:amd64 1.1.1k-1+deb11u1
2022-03-06 04:29:18 status installed libssl1.1:amd64 1.1.1k-1+deb11u1
2022-03-06 04:29:18 configure libpam-modules-bin:amd64 1.4.0-9+deb11u1 <none>
2022-03-06 04:29:18 status unpacked libpam-modules-bin:amd64 1.4.0-9+deb11u1
2022-03-06 04:29:18 status half-configured libpam-modules-bin:amd64 1.4.0-9+deb11u1
2022-03-06 04:29:18 status installed libpam-modules-bin:amd64 1.4.0-9+deb11u1
2022-03-06 04:29:18 configure libkrb5-3:amd64 1.18.3-6+deb11u1 <none>
2022-03-06 04:29:18 status unpacked libkrb5-3:amd64 1.18.3-6+deb11u1
2022-03-06 04:29:18 status half-configured libkrb5-3:amd64 1.18.3-6+deb11u1
2022-03-06 04:29:18 status installed libkrb5-3:amd64 1.18.3-6+deb11u1
2022-03-06 04:29:18 configure libgssapi-krb5-2:amd64 1.18.3-6+deb11u1 <none>
2022-03-06 04:29:18 status unpacked libgssapi-krb5-2:amd64 1.18.3-6+deb11u1
2022-03-06 04:29:18 status half-configured libgssapi-krb5-2:amd64 1.18.3-6+deb11u1
2022-03-06 04:29:18 status installed libgssapi-krb5-2:amd64 1.18.3-6+deb11u1
2022-03-06 04:29:18 configure libtirpc3:amd64 1.3.1-1 <none>
2022-03-06 04:29:18 status unpacked libtirpc3:amd64 1.3.1-1
2022-03-06 04:29:18 status half-configured libtirpc3:amd64 1.3.1-1
2022-03-06 04:29:18 status installed libtirpc3:amd64 1.3.1-1
2022-03-06 04:29:18 configure libnsl2:amd64 1.3.0-2 <none>
2022-03-06 04:29:18 status unpacked libnsl2:amd64 1.3.0-2
2022-03-06 04:29:18 status half-configured libnsl2:amd64 1.3.0-2
2022-03-06 04:29:18 status installed libnsl2:amd64 1.3.0-2
2022-03-06 04:29:18 configure libpam-modules:amd64 1.4.0-9+deb11u1 <none>
2022-03-06 04:29:18 status unpacked libpam-modules:amd64 1.4.0-9+deb11u1
2022-03-06 04:29:18 status half-configured libpam-modules:amd64 1.4.0-9+deb11u1
2022-03-06 04:29:18 status installed libpam-modules:amd64 1.4.0-9+deb11u1
2022-03-06 04:29:18 configure passwd:amd64 1:4.8.1-1 <none>
2022-03-06 04:29:18 status unpacked passwd:amd64 1:4.8.1-1
2022-03-06 04:29:18 status half-configured passwd:amd64 1:4.8.1-1
2022-03-06 04:29:18 status installed passwd:amd64 1:4.8.1-1
2022-03-06 04:29:18 configure libpam-runtime:all 1.4.0-9+deb11u1 <none>
2022-03-06 04:29:18 status unpacked libpam-runtime:all 1.4.0-9+deb11u1
2022-03-06 04:29:18 status half-configured libpam-runtime:all 1.4.0-9+deb11u1
2022-03-06 04:29:18 status installed libpam-runtime:all 1.4.0-9+deb11u1
2022-03-06 04:29:18 configure login:amd64 1:4.8.1-1 <none>
2022-03-06 04:29:18 status unpacked login:amd64 1:4.8.1-1
2022-03-06 04:29:18 status half-configured login:amd64 1:4.8.1-1
2022-03-06 04:29:18 status installed login:amd64 1:4.8.1-1
2022-03-06 04:29:18 configure adduser:all 3.118 <none>
2022-03-06 04:29:18 status unpacked adduser:all 3.118
2022-03-06 04:29:18 status half-configured adduser:all 3.118
2022-03-06 04:29:19 status installed adduser:all 3.118
2022-03-06 04:29:19 configure apt:amd64 2.2.4 <none>
2022-03-06 04:29:19 status unpacked apt:amd64 2.2.4
2022-03-06 04:29:19 status half-configured apt:amd64 2.2.4
2022-03-06 04:29:19 status installed apt:amd64 2.2.4
2022-03-06 04:29:19 configure util-linux:amd64 2.36.1-8 <none>
2022-03-06 04:29:19 status unpacked util-linux:amd64 2.36.1-8
2022-03-06 04:29:19 status half-configured util-linux:amd64 2.36.1-8
2022-03-06 04:29:19 status installed util-linux:amd64 2.36.1-8
2022-03-06 04:29:19 configure mount:amd64 2.36.1-8 <none>
2022-03-06 04:29:19 status unpacked mount:amd64 2.36.1-8
2022-03-06 04:29:19 status half-configured mount:amd64 2.36.1-8
2022-03-06 04:29:19 status installed mount:amd64 2.36.1-8
2022-03-06 04:29:19 trigproc libc-bin:amd64 2.31-13+deb11u2 <none>
2022-03-06 04:29:19 status half-configured libc-bin:amd64 2.31-13+deb11u2
2022-03-06 04:29:19 status installed libc-bin:amd64 2.31-13+deb11u2
2022-03-06 04:29:24 startup archives install
2022-03-06 04:29:24 install libapparmor1:amd64 <none> 2.13.6-10
2022-03-06 04:29:24 status triggers-pending libc-bin:amd64 2.31-13+deb11u2
2022-03-06 04:29:24 status half-installed libapparmor1:amd64 2.13.6-10
2022-03-06 04:29:24 status unpacked libapparmor1:amd64 2.13.6-10
2022-03-06 04:29:24 install libargon2-1:amd64 <none> 0~20171227-0.2
2022-03-06 04:29:24 status half-installed libargon2-1:amd64 0~20171227-0.2
2022-03-06 04:29:24 status unpacked libargon2-1:amd64 0~20171227-0.2
2022-03-06 04:29:24 install libcryptsetup12:amd64 <none> 2:2.3.5-1
2022-03-06 04:29:24 status half-installed libcryptsetup12:amd64 2:2.3.5-1
2022-03-06 04:29:24 status unpacked libcryptsetup12:amd64 2:2.3.5-1
2022-03-06 04:29:24 install libip4tc2:amd64 <none> 1.8.7-1
2022-03-06 04:29:24 status half-installed libip4tc2:amd64 1.8.7-1
2022-03-06 04:29:24 status unpacked libip4tc2:amd64 1.8.7-1
2022-03-06 04:29:24 install libjson-c5:amd64 <none> 0.15-2
2022-03-06 04:29:24 status half-installed libjson-c5:amd64 0.15-2
2022-03-06 04:29:24 status unpacked libjson-c5:amd64 0.15-2
2022-03-06 04:29:25 install libkmod2:amd64 <none> 28-1
2022-03-06 04:29:25 status half-installed libkmod2:amd64 28-1
2022-03-06 04:29:25 status unpacked libkmod2:amd64 28-1
2022-03-06 04:29:25 install libcap2:amd64 <none> 1:2.44-1
2022-03-06 04:29:25 status half-installed libcap2:amd64 1:2.44-1
2022-03-06 04:29:25 status unpacked libcap2:amd64 1:2.44-1
2022-03-06 04:29:25 install dmsetup:amd64 <none> 2:1.02.175-2.1
2022-03-06 04:29:25 status half-installed dmsetup:amd64 2:1.02.175-2.1
2022-03-06 04:29:25 status unpacked dmsetup:amd64 2:1.02.175-2.1
2022-03-06 04:29:25 install libdevmapper1.02.1:amd64 <none> 2:1.02.175-2.1
2022-03-06 04:29:25 status half-installed libdevmapper1.02.1:amd64 2:1.02.175-2.1
2022-03-06 04:29:25 status unpacked libdevmapper1.02.1:amd64 2:1.02.175-2.1
2022-03-06 04:29:25 install systemd:amd64 <none> 247.3-6
2022-03-06 04:29:25 status half-installed systemd:amd64 247.3-6
2022-03-06 04:29:25 status unpacked systemd:amd64 247.3-6
2022-03-06 04:29:25 install systemd-timesyncd:amd64 <none> 247.3-6
2022-03-06 04:29:25 status half-installed systemd-timesyncd:amd64 247.3-6
2022-03-06 04:29:25 status unpacked systemd-timesyncd:amd64 247.3-6
2022-03-06 04:29:25 configure libapparmor1:amd64 2.13.6-10 2.13.6-10
2022-03-06 04:29:25 status half-configured libapparmor1:amd64 2.13.6-10
2022-03-06 04:29:25 status installed libapparmor1:amd64 2.13.6-10
2022-03-06 04:29:25 configure libargon2-1:amd64 0~20171227-0.2 0~20171227-0.2
2022-03-06 04:29:25 status half-configured libargon2-1:amd64 0~20171227-0.2
2022-03-06 04:29:25 status installed libargon2-1:amd64 0~20171227-0.2
2022-03-06 04:29:25 configure libip4tc2:amd64 1.8.7-1 1.8.7-1
2022-03-06 04:29:25 status half-configured libip4tc2:amd64 1.8.7-1
2022-03-06 04:29:25 status installed libip4tc2:amd64 1.8.7-1
2022-03-06 04:29:25 configure libjson-c5:amd64 0.15-2 0.15-2
2022-03-06 04:29:25 status half-configured libjson-c5:amd64 0.15-2
2022-03-06 04:29:25 status installed libjson-c5:amd64 0.15-2
2022-03-06 04:29:25 configure libkmod2:amd64 28-1 28-1
2022-03-06 04:29:25 status half-configured libkmod2:amd64 28-1
2022-03-06 04:29:25 status installed libkmod2:amd64 28-1
2022-03-06 04:29:25 configure libcap2:amd64 1:2.44-1 1:2.44-1
2022-03-06 04:29:25 status half-configured libcap2:amd64 1:2.44-1
2022-03-06 04:29:25 status installed libcap2:amd64 1:2.44-1
2022-03-06 04:29:25 configure systemd-timesyncd:amd64 247.3-6 247.3-6
2022-03-06 04:29:25 status half-configured systemd-timesyncd:amd64 247.3-6
2022-03-06 04:29:25 status installed systemd-timesyncd:amd64 247.3-6
2022-03-06 04:29:25 configure libdevmapper1.02.1:amd64 2:1.02.175-2.1 2:1.02.175-2.1
2022-03-06 04:29:25 status half-configured libdevmapper1.02.1:amd64 2:1.02.175-2.1
2022-03-06 04:29:25 status installed libdevmapper1.02.1:amd64 2:1.02.175-2.1
2022-03-06 04:29:25 configure libcryptsetup12:amd64 2:2.3.5-1 2:2.3.5-1
2022-03-06 04:29:25 status half-configured libcryptsetup12:amd64 2:2.3.5-1
2022-03-06 04:29:25 status installed libcryptsetup12:amd64 2:2.3.5-1
2022-03-06 04:29:25 configure dmsetup:amd64 2:1.02.175-2.1 2:1.02.175-2.1
2022-03-06 04:29:25 status half-configured dmsetup:amd64 2:1.02.175-2.1
2022-03-06 04:29:25 status installed dmsetup:amd64 2:1.02.175-2.1
2022-03-06 04:29:25 configure systemd:amd64 247.3-6 247.3-6
2022-03-06 04:29:25 status half-configured systemd:amd64 247.3-6
2022-03-06 04:29:26 status installed systemd:amd64 247.3-6
2022-03-06 04:29:26 trigproc libc-bin:amd64 2.31-13+deb11u2 <none>
2022-03-06 04:29:26 status half-configured libc-bin:amd64 2.31-13+deb11u2
2022-03-06 04:29:26 status installed libc-bin:amd64 2.31-13+deb11u2
2022-03-06 04:29:31 startup archives install
2022-03-06 04:29:31 install systemd-sysv:amd64 <none> 247.3-6
2022-03-06 04:29:31 status half-installed systemd-sysv:amd64 247.3-6
2022-03-06 04:29:31 status unpacked systemd-sysv:amd64 247.3-6
2022-03-06 04:29:31 configure systemd-sysv:amd64 247.3-6 247.3-6
2022-03-06 04:29:31 status half-configured systemd-sysv:amd64 247.3-6
2022-03-06 04:29:31 status installed systemd-sysv:amd64 247.3-6
2022-03-06 04:29:31 startup archives unpack
2022-03-06 04:29:31 install apt-utils:amd64 <none> 2.2.4
2022-03-06 04:29:31 status half-installed apt-utils:amd64 2.2.4
2022-03-06 04:29:31 status unpacked apt-utils:amd64 2.2.4
2022-03-06 04:29:31 install libdns-export1110:amd64 <none> 1:9.11.19+dfsg-2.1
2022-03-06 04:29:31 status triggers-pending libc-bin:amd64 2.31-13+deb11u2
2022-03-06 04:29:31 status half-installed libdns-export1110:amd64 1:9.11.19+dfsg-2.1
2022-03-06 04:29:32 status unpacked libdns-export1110:amd64 1:9.11.19+dfsg-2.1
2022-03-06 04:29:32 install libisc-export1105:amd64 <none> 1:9.11.19+dfsg-2.1
2022-03-06 04:29:32 status half-installed libisc-export1105:amd64 1:9.11.19+dfsg-2.1
2022-03-06 04:29:32 status unpacked libisc-export1105:amd64 1:9.11.19+dfsg-2.1
2022-03-06 04:29:32 install cpio:amd64 <none> 2.13+dfsg-4
2022-03-06 04:29:32 status half-installed cpio:amd64 2.13+dfsg-4
2022-03-06 04:29:32 status unpacked cpio:amd64 2.13+dfsg-4
2022-03-06 04:29:32 install cron:amd64 <none> 3.0pl1-137
2022-03-06 04:29:32 status half-installed cron:amd64 3.0pl1-137
2022-03-06 04:29:32 status unpacked cron:amd64 3.0pl1-137
2022-03-06 04:29:32 install debconf-i18n:all <none> 1.5.77
2022-03-06 04:29:32 status half-installed debconf-i18n:all 1.5.77
2022-03-06 04:29:32 status unpacked debconf-i18n:all 1.5.77
2022-03-06 04:29:32 install dmidecode:amd64 <none> 3.3-2
2022-03-06 04:29:32 status half-installed dmidecode:amd64 3.3-2
2022-03-06 04:29:32 status unpacked dmidecode:amd64 3.3-2
2022-03-06 04:29:32 install libelf1:amd64 <none> 0.183-1
2022-03-06 04:29:32 status half-installed libelf1:amd64 0.183-1
2022-03-06 04:29:32 status unpacked libelf1:amd64 0.183-1
2022-03-06 04:29:32 install ifupdown:amd64 <none> 0.8.36
2022-03-06 04:29:32 status half-installed ifupdown:amd64 0.8.36
2022-03-06 04:29:32 status unpacked ifupdown:amd64 0.8.36
2022-03-06 04:29:32 install init:amd64 <none> 1.60
2022-03-06 04:29:32 status half-installed init:amd64 1.60
2022-03-06 04:29:32 status unpacked init:amd64 1.60
2022-03-06 04:29:32 install iproute2:amd64 <none> 5.10.0-4
2022-03-06 04:29:32 status half-installed iproute2:amd64 5.10.0-4
2022-03-06 04:29:32 status unpacked iproute2:amd64 5.10.0-4
2022-03-06 04:29:32 install libxtables12:amd64 <none> 1.8.7-1
2022-03-06 04:29:32 status half-installed libxtables12:amd64 1.8.7-1
2022-03-06 04:29:32 status unpacked libxtables12:amd64 1.8.7-1
2022-03-06 04:29:32 install iputils-ping:amd64 <none> 3:20210202-1
2022-03-06 04:29:32 status half-installed iputils-ping:amd64 3:20210202-1
2022-03-06 04:29:32 status unpacked iputils-ping:amd64 3:20210202-1
2022-03-06 04:29:32 install isc-dhcp-client:amd64 <none> 4.4.1-2.3
2022-03-06 04:29:32 status half-installed isc-dhcp-client:amd64 4.4.1-2.3
2022-03-06 04:29:32 status unpacked isc-dhcp-client:amd64 4.4.1-2.3
2022-03-06 04:29:32 install isc-dhcp-common:amd64 <none> 4.4.1-2.3
2022-03-06 04:29:32 status half-installed isc-dhcp-common:amd64 4.4.1-2.3
2022-03-06 04:29:32 status unpacked isc-dhcp-common:amd64 4.4.1-2.3
2022-03-06 04:29:32 install libjansson4:amd64 <none> 2.13.1-1.1
2022-03-06 04:29:32 status half-installed libjansson4:amd64 2.13.1-1.1
2022-03-06 04:29:32 status unpacked libjansson4:amd64 2.13.1-1.1
2022-03-06 04:29:32 install kmod:amd64 <none> 28-1
2022-03-06 04:29:32 status half-installed kmod:amd64 28-1
2022-03-06 04:29:32 status unpacked kmod:amd64 28-1
2022-03-06 04:29:32 install less:amd64 <none> 551-2
2022-03-06 04:29:32 status half-installed less:amd64 551-2
2022-03-06 04:29:32 status unpacked less:amd64 551-2
2022-03-06 04:29:32 install libbpf0:amd64 <none> 1:0.3-2
2022-03-06 04:29:32 status half-installed libbpf0:amd64 1:0.3-2
2022-03-06 04:29:32 status unpacked libbpf0:amd64 1:0.3-2
2022-03-06 04:29:32 install libbsd0:amd64 <none> 0.11.3-1
2022-03-06 04:29:32 status half-installed libbsd0:amd64 0.11.3-1
2022-03-06 04:29:32 status unpacked libbsd0:amd64 0.11.3-1
2022-03-06 04:29:32 install libcap2-bin:amd64 <none> 1:2.44-1
2022-03-06 04:29:32 status half-installed libcap2-bin:amd64 1:2.44-1
2022-03-06 04:29:33 status unpacked libcap2-bin:amd64 1:2.44-1
2022-03-06 04:29:33 install libedit2:amd64 <none> 3.1-20191231-2+b1
2022-03-06 04:29:33 status half-installed libedit2:amd64 3.1-20191231-2+b1
2022-03-06 04:29:33 status unpacked libedit2:amd64 3.1-20191231-2+b1
2022-03-06 04:29:33 install libestr0:amd64 <none> 0.1.10-2.1+b1
2022-03-06 04:29:33 status half-installed libestr0:amd64 0.1.10-2.1+b1
2022-03-06 04:29:33 status unpacked libestr0:amd64 0.1.10-2.1+b1
2022-03-06 04:29:33 install libfastjson4:amd64 <none> 0.99.9-1
2022-03-06 04:29:33 status half-installed libfastjson4:amd64 0.99.9-1
2022-03-06 04:29:33 status unpacked libfastjson4:amd64 0.99.9-1
2022-03-06 04:29:33 install liblocale-gettext-perl:amd64 <none> 1.07-4+b1
2022-03-06 04:29:33 status half-installed liblocale-gettext-perl:amd64 1.07-4+b1
2022-03-06 04:29:33 status unpacked liblocale-gettext-perl:amd64 1.07-4+b1
2022-03-06 04:29:33 install liblognorm5:amd64 <none> 2.0.5-1.1
2022-03-06 04:29:33 status half-installed liblognorm5:amd64 2.0.5-1.1
2022-03-06 04:29:33 status unpacked liblognorm5:amd64 2.0.5-1.1
2022-03-06 04:29:33 install libmd0:amd64 <none> 1.0.3-3
2022-03-06 04:29:33 status half-installed libmd0:amd64 1.0.3-3
2022-03-06 04:29:33 status unpacked libmd0:amd64 1.0.3-3
2022-03-06 04:29:33 install libmnl0:amd64 <none> 1.0.4-3
2022-03-06 04:29:33 status half-installed libmnl0:amd64 1.0.4-3
2022-03-06 04:29:33 status unpacked libmnl0:amd64 1.0.4-3
2022-03-06 04:29:33 install libnftnl11:amd64 <none> 1.1.9-1
2022-03-06 04:29:33 status half-installed libnftnl11:amd64 1.1.9-1
2022-03-06 04:29:33 status unpacked libnftnl11:amd64 1.1.9-1
2022-03-06 04:29:33 install libtext-charwidth-perl:amd64 <none> 0.04-10+b1
2022-03-06 04:29:33 status half-installed libtext-charwidth-perl:amd64 0.04-10+b1
2022-03-06 04:29:33 status unpacked libtext-charwidth-perl:amd64 0.04-10+b1
2022-03-06 04:29:33 install libtext-iconv-perl:amd64 <none> 1.7-7+b1
2022-03-06 04:29:33 status half-installed libtext-iconv-perl:amd64 1.7-7+b1
2022-03-06 04:29:33 status unpacked libtext-iconv-perl:amd64 1.7-7+b1
2022-03-06 04:29:33 install libtext-wrapi18n-perl:all <none> 0.06-9
2022-03-06 04:29:33 status half-installed libtext-wrapi18n-perl:all 0.06-9
2022-03-06 04:29:33 status unpacked libtext-wrapi18n-perl:all 0.06-9
2022-03-06 04:29:33 install logrotate:amd64 <none> 3.18.0-2
2022-03-06 04:29:33 status half-installed logrotate:amd64 3.18.0-2
2022-03-06 04:29:33 status unpacked logrotate:amd64 3.18.0-2
2022-03-06 04:29:33 install nano:amd64 <none> 5.4-2
2022-03-06 04:29:33 status half-installed nano:amd64 5.4-2
2022-03-06 04:29:33 status unpacked nano:amd64 5.4-2
2022-03-06 04:29:33 install libncurses6:amd64 <none> 6.2+20201114-2
2022-03-06 04:29:33 status half-installed libncurses6:amd64 6.2+20201114-2
2022-03-06 04:29:33 status unpacked libncurses6:amd64 6.2+20201114-2
2022-03-06 04:29:33 install libncursesw6:amd64 <none> 6.2+20201114-2
2022-03-06 04:29:33 status half-installed libncursesw6:amd64 6.2+20201114-2
2022-03-06 04:29:33 status unpacked libncursesw6:amd64 6.2+20201114-2
2022-03-06 04:29:33 install netbase:all <none> 6.3
2022-03-06 04:29:33 status half-installed netbase:all 6.3
2022-03-06 04:29:33 status unpacked netbase:all 6.3
2022-03-06 04:29:33 install libnewt0.52:amd64 <none> 0.52.21-4+b3
2022-03-06 04:29:33 status half-installed libnewt0.52:amd64 0.52.21-4+b3
2022-03-06 04:29:33 status unpacked libnewt0.52:amd64 0.52.21-4+b3
2022-03-06 04:29:33 install whiptail:amd64 <none> 0.52.21-4+b3
2022-03-06 04:29:33 status half-installed whiptail:amd64 0.52.21-4+b3
2022-03-06 04:29:33 status unpacked whiptail:amd64 0.52.21-4+b3
2022-03-06 04:29:33 install libnftables1:amd64 <none> 0.9.8-3.1
2022-03-06 04:29:33 status half-installed libnftables1:amd64 0.9.8-3.1
2022-03-06 04:29:33 status unpacked libnftables1:amd64 0.9.8-3.1
2022-03-06 04:29:33 install nftables:amd64 <none> 0.9.8-3.1
2022-03-06 04:29:33 status half-installed nftables:amd64 0.9.8-3.1
2022-03-06 04:29:33 status unpacked nftables:amd64 0.9.8-3.1
2022-03-06 04:29:33 install libpopt0:amd64 <none> 1.18-2
2022-03-06 04:29:33 status half-installed libpopt0:amd64 1.18-2
2022-03-06 04:29:33 status unpacked libpopt0:amd64 1.18-2
2022-03-06 04:29:34 install libprocps8:amd64 <none> 2:3.3.17-5
2022-03-06 04:29:34 status half-installed libprocps8:amd64 2:3.3.17-5
2022-03-06 04:29:34 status unpacked libprocps8:amd64 2:3.3.17-5
2022-03-06 04:29:34 install procps:amd64 <none> 2:3.3.17-5
2022-03-06 04:29:34 status half-installed procps:amd64 2:3.3.17-5
2022-03-06 04:29:34 status unpacked procps:amd64 2:3.3.17-5
2022-03-06 04:29:34 install libreadline8:amd64 <none> 8.1-1
2022-03-06 04:29:34 status half-installed libreadline8:amd64 8.1-1
2022-03-06 04:29:34 status unpacked libreadline8:amd64 8.1-1
2022-03-06 04:29:34 install readline-common:all <none> 8.1-1
2022-03-06 04:29:34 status half-installed readline-common:all 8.1-1
2022-03-06 04:29:34 status unpacked readline-common:all 8.1-1
2022-03-06 04:29:34 install rsyslog:amd64 <none> 8.2102.0-2
2022-03-06 04:29:34 status half-installed rsyslog:amd64 8.2102.0-2
2022-03-06 04:29:34 status unpacked rsyslog:amd64 8.2102.0-2
2022-03-06 04:29:34 install sensible-utils:all <none> 0.0.14
2022-03-06 04:29:34 status half-installed sensible-utils:all 0.0.14
2022-03-06 04:29:34 status unpacked sensible-utils:all 0.0.14
2022-03-06 04:29:34 install libslang2:amd64 <none> 2.3.2-5
2022-03-06 04:29:34 status half-installed libslang2:amd64 2.3.2-5
2022-03-06 04:29:34 status unpacked libslang2:amd64 2.3.2-5
2022-03-06 04:29:34 install udev:amd64 <none> 247.3-6
2022-03-06 04:29:34 status half-installed udev:amd64 247.3-6
2022-03-06 04:29:34 status unpacked udev:amd64 247.3-6
2022-03-06 04:29:34 install tasksel:all <none> 3.68
2022-03-06 04:29:34 status half-installed tasksel:all 3.68
2022-03-06 04:29:34 status unpacked tasksel:all 3.68
2022-03-06 04:29:34 install tasksel-data:all <none> 3.68
2022-03-06 04:29:34 status half-installed tasksel-data:all 3.68
2022-03-06 04:29:34 status unpacked tasksel-data:all 3.68
2022-03-06 04:29:34 install fdisk:amd64 <none> 2.36.1-8
2022-03-06 04:29:34 status half-installed fdisk:amd64 2.36.1-8
2022-03-06 04:29:34 status unpacked fdisk:amd64 2.36.1-8
2022-03-06 04:29:34 install libfdisk1:amd64 <none> 2.36.1-8
2022-03-06 04:29:34 status half-installed libfdisk1:amd64 2.36.1-8
2022-03-06 04:29:34 status unpacked libfdisk1:amd64 2.36.1-8
2022-03-06 04:29:34 install vim-common:all <none> 2:8.2.2434-3+deb11u1
2022-03-06 04:29:34 status half-installed vim-common:all 2:8.2.2434-3+deb11u1
2022-03-06 04:29:34 status unpacked vim-common:all 2:8.2.2434-3+deb11u1
2022-03-06 04:29:34 install vim-tiny:amd64 <none> 2:8.2.2434-3+deb11u1
2022-03-06 04:29:34 status half-installed vim-tiny:amd64 2:8.2.2434-3+deb11u1
2022-03-06 04:29:35 status unpacked vim-tiny:amd64 2:8.2.2434-3+deb11u1
2022-03-06 04:29:35 install xxd:amd64 <none> 2:8.2.2434-3+deb11u1
2022-03-06 04:29:35 status half-installed xxd:amd64 2:8.2.2434-3+deb11u1
2022-03-06 04:29:35 status unpacked xxd:amd64 2:8.2.2434-3+deb11u1
2022-03-06 04:29:35 trigproc libc-bin:amd64 2.31-13+deb11u2 <none>
2022-03-06 04:29:35 status half-configured libc-bin:amd64 2.31-13+deb11u2
2022-03-06 04:29:35 status installed libc-bin:amd64 2.31-13+deb11u2
2022-03-06 04:29:35 startup packages configure
2022-03-06 04:29:35 configure cpio:amd64 2.13+dfsg-4 <none>
2022-03-06 04:29:35 status unpacked cpio:amd64 2.13+dfsg-4
2022-03-06 04:29:35 status half-configured cpio:amd64 2.13+dfsg-4
2022-03-06 04:29:35 status installed cpio:amd64 2.13+dfsg-4
2022-03-06 04:29:35 configure libtext-iconv-perl:amd64 1.7-7+b1 <none>
2022-03-06 04:29:35 status unpacked libtext-iconv-perl:amd64 1.7-7+b1
2022-03-06 04:29:35 status half-configured libtext-iconv-perl:amd64 1.7-7+b1
2022-03-06 04:29:35 status installed libtext-iconv-perl:amd64 1.7-7+b1
2022-03-06 04:29:35 configure libtext-charwidth-perl:amd64 0.04-10+b1 <none>
2022-03-06 04:29:35 status unpacked libtext-charwidth-perl:amd64 0.04-10+b1
2022-03-06 04:29:35 status half-configured libtext-charwidth-perl:amd64 0.04-10+b1
2022-03-06 04:29:35 status installed libtext-charwidth-perl:amd64 0.04-10+b1
2022-03-06 04:29:35 configure apt-utils:amd64 2.2.4 <none>
2022-03-06 04:29:35 status unpacked apt-utils:amd64 2.2.4
2022-03-06 04:29:35 status half-configured apt-utils:amd64 2.2.4
2022-03-06 04:29:35 status installed apt-utils:amd64 2.2.4
2022-03-06 04:29:35 configure init:amd64 1.60 <none>
2022-03-06 04:29:35 status unpacked init:amd64 1.60
2022-03-06 04:29:35 status half-configured init:amd64 1.60
2022-03-06 04:29:35 status installed init:amd64 1.60
2022-03-06 04:29:35 configure libestr0:amd64 0.1.10-2.1+b1 <none>
2022-03-06 04:29:35 status triggers-pending libc-bin:amd64 2.31-13+deb11u2
2022-03-06 04:29:35 status unpacked libestr0:amd64 0.1.10-2.1+b1
2022-03-06 04:29:35 status half-configured libestr0:amd64 0.1.10-2.1+b1
2022-03-06 04:29:35 status installed libestr0:amd64 0.1.10-2.1+b1
2022-03-06 04:29:35 configure libfastjson4:amd64 0.99.9-1 <none>
2022-03-06 04:29:35 status unpacked libfastjson4:amd64 0.99.9-1
2022-03-06 04:29:35 status half-configured libfastjson4:amd64 0.99.9-1
2022-03-06 04:29:35 status installed libfastjson4:amd64 0.99.9-1
2022-03-06 04:29:35 configure less:amd64 551-2 <none>
2022-03-06 04:29:35 status unpacked less:amd64 551-2
2022-03-06 04:29:35 status half-configured less:amd64 551-2
2022-03-06 04:29:35 status installed less:amd64 551-2
2022-03-06 04:29:35 configure kmod:amd64 28-1 <none>
2022-03-06 04:29:35 status unpacked kmod:amd64 28-1
2022-03-06 04:29:35 status half-configured kmod:amd64 28-1
2022-03-06 04:29:35 status installed kmod:amd64 28-1
2022-03-06 04:29:35 configure libtext-wrapi18n-perl:all 0.06-9 <none>
2022-03-06 04:29:35 status unpacked libtext-wrapi18n-perl:all 0.06-9
2022-03-06 04:29:35 status half-configured libtext-wrapi18n-perl:all 0.06-9
2022-03-06 04:29:35 status installed libtext-wrapi18n-perl:all 0.06-9
2022-03-06 04:29:35 configure xxd:amd64 2:8.2.2434-3+deb11u1 <none>
2022-03-06 04:29:35 status unpacked xxd:amd64 2:8.2.2434-3+deb11u1
2022-03-06 04:29:35 status half-configured xxd:amd64 2:8.2.2434-3+deb11u1
2022-03-06 04:29:35 status installed xxd:amd64 2:8.2.2434-3+deb11u1
2022-03-06 04:29:35 configure libjansson4:amd64 2.13.1-1.1 <none>
2022-03-06 04:29:35 status unpacked libjansson4:amd64 2.13.1-1.1
2022-03-06 04:29:35 status half-configured libjansson4:amd64 2.13.1-1.1
2022-03-06 04:29:35 status installed libjansson4:amd64 2.13.1-1.1
2022-03-06 04:29:35 configure libcap2-bin:amd64 1:2.44-1 <none>
2022-03-06 04:29:35 status unpacked libcap2-bin:amd64 1:2.44-1
2022-03-06 04:29:35 status half-configured libcap2-bin:amd64 1:2.44-1
2022-03-06 04:29:35 status installed libcap2-bin:amd64 1:2.44-1
2022-03-06 04:29:35 configure libisc-export1105:amd64 1:9.11.19+dfsg-2.1 <none>
2022-03-06 04:29:35 status unpacked libisc-export1105:amd64 1:9.11.19+dfsg-2.1
2022-03-06 04:29:35 status half-configured libisc-export1105:amd64 1:9.11.19+dfsg-2.1
2022-03-06 04:29:35 status installed libisc-export1105:amd64 1:9.11.19+dfsg-2.1
2022-03-06 04:29:35 configure vim-common:all 2:8.2.2434-3+deb11u1 <none>
2022-03-06 04:29:35 status unpacked vim-common:all 2:8.2.2434-3+deb11u1
2022-03-06 04:29:35 status half-configured vim-common:all 2:8.2.2434-3+deb11u1
2022-03-06 04:29:35 status installed vim-common:all 2:8.2.2434-3+deb11u1
2022-03-06 04:29:35 configure libslang2:amd64 2.3.2-5 <none>
2022-03-06 04:29:35 status unpacked libslang2:amd64 2.3.2-5
2022-03-06 04:29:35 status half-configured libslang2:amd64 2.3.2-5
2022-03-06 04:29:35 status installed libslang2:amd64 2.3.2-5
2022-03-06 04:29:35 configure libncurses6:amd64 6.2+20201114-2 <none>
2022-03-06 04:29:35 status unpacked libncurses6:amd64 6.2+20201114-2
2022-03-06 04:29:35 status half-configured libncurses6:amd64 6.2+20201114-2
2022-03-06 04:29:35 status installed libncurses6:amd64 6.2+20201114-2
2022-03-06 04:29:35 configure libmnl0:amd64 1.0.4-3 <none>
2022-03-06 04:29:35 status unpacked libmnl0:amd64 1.0.4-3
2022-03-06 04:29:35 status half-configured libmnl0:amd64 1.0.4-3
2022-03-06 04:29:35 status installed libmnl0:amd64 1.0.4-3
2022-03-06 04:29:35 configure udev:amd64 247.3-6 <none>
2022-03-06 04:29:35 status unpacked udev:amd64 247.3-6
2022-03-06 04:29:35 status half-configured udev:amd64 247.3-6
2022-03-06 04:29:35 status installed udev:amd64 247.3-6
2022-03-06 04:29:35 configure libncursesw6:amd64 6.2+20201114-2 <none>
2022-03-06 04:29:35 status unpacked libncursesw6:amd64 6.2+20201114-2
2022-03-06 04:29:35 status half-configured libncursesw6:amd64 6.2+20201114-2
2022-03-06 04:29:35 status installed libncursesw6:amd64 6.2+20201114-2
2022-03-06 04:29:35 configure libxtables12:amd64 1.8.7-1 <none>
2022-03-06 04:29:35 status unpacked libxtables12:amd64 1.8.7-1
2022-03-06 04:29:35 status half-configured libxtables12:amd64 1.8.7-1
2022-03-06 04:29:35 status installed libxtables12:amd64 1.8.7-1
2022-03-06 04:29:35 configure libfdisk1:amd64 2.36.1-8 <none>
2022-03-06 04:29:35 status unpacked libfdisk1:amd64 2.36.1-8
2022-03-06 04:29:35 status half-configured libfdisk1:amd64 2.36.1-8
2022-03-06 04:29:35 status installed libfdisk1:amd64 2.36.1-8
2022-03-06 04:29:35 configure liblognorm5:amd64 2.0.5-1.1 <none>
2022-03-06 04:29:35 status unpacked liblognorm5:amd64 2.0.5-1.1
2022-03-06 04:29:35 status half-configured liblognorm5:amd64 2.0.5-1.1
2022-03-06 04:29:35 status installed liblognorm5:amd64 2.0.5-1.1
2022-03-06 04:29:35 configure nano:amd64 5.4-2 <none>
2022-03-06 04:29:35 status unpacked nano:amd64 5.4-2
2022-03-06 04:29:35 status half-configured nano:amd64 5.4-2
2022-03-06 04:29:35 status installed nano:amd64 5.4-2
2022-03-06 04:29:35 configure libmd0:amd64 1.0.3-3 <none>
2022-03-06 04:29:35 status unpacked libmd0:amd64 1.0.3-3
2022-03-06 04:29:35 status half-configured libmd0:amd64 1.0.3-3
2022-03-06 04:29:35 status installed libmd0:amd64 1.0.3-3
2022-03-06 04:29:35 configure sensible-utils:all 0.0.14 <none>
2022-03-06 04:29:35 status unpacked sensible-utils:all 0.0.14
2022-03-06 04:29:35 status half-configured sensible-utils:all 0.0.14
2022-03-06 04:29:35 status installed sensible-utils:all 0.0.14
2022-03-06 04:29:35 configure netbase:all 6.3 <none>
2022-03-06 04:29:35 status unpacked netbase:all 6.3
2022-03-06 04:29:35 status half-configured netbase:all 6.3
2022-03-06 04:29:36 status installed netbase:all 6.3
2022-03-06 04:29:36 configure isc-dhcp-common:amd64 4.4.1-2.3 <none>
2022-03-06 04:29:36 status unpacked isc-dhcp-common:amd64 4.4.1-2.3
2022-03-06 04:29:36 status half-configured isc-dhcp-common:amd64 4.4.1-2.3
2022-03-06 04:29:36 status installed isc-dhcp-common:amd64 4.4.1-2.3
2022-03-06 04:29:36 configure dmidecode:amd64 3.3-2 <none>
2022-03-06 04:29:36 status unpacked dmidecode:amd64 3.3-2
2022-03-06 04:29:36 status half-configured dmidecode:amd64 3.3-2
2022-03-06 04:29:36 status installed dmidecode:amd64 3.3-2
2022-03-06 04:29:36 configure libbsd0:amd64 0.11.3-1 <none>
2022-03-06 04:29:36 status unpacked libbsd0:amd64 0.11.3-1
2022-03-06 04:29:36 status half-configured libbsd0:amd64 0.11.3-1
2022-03-06 04:29:36 status installed libbsd0:amd64 0.11.3-1
2022-03-06 04:29:36 configure libelf1:amd64 0.183-1 <none>
2022-03-06 04:29:36 status unpacked libelf1:amd64 0.183-1
2022-03-06 04:29:36 status half-configured libelf1:amd64 0.183-1
2022-03-06 04:29:36 status installed libelf1:amd64 0.183-1
2022-03-06 04:29:36 configure iputils-ping:amd64 3:20210202-1 <none>
2022-03-06 04:29:36 status unpacked iputils-ping:amd64 3:20210202-1
2022-03-06 04:29:36 status half-configured iputils-ping:amd64 3:20210202-1
2022-03-06 04:29:36 status installed iputils-ping:amd64 3:20210202-1
2022-03-06 04:29:36 configure readline-common:all 8.1-1 <none>
2022-03-06 04:29:36 status unpacked readline-common:all 8.1-1
2022-03-06 04:29:36 status half-configured readline-common:all 8.1-1
2022-03-06 04:29:36 status installed readline-common:all 8.1-1
2022-03-06 04:29:36 configure liblocale-gettext-perl:amd64 1.07-4+b1 <none>
2022-03-06 04:29:36 status unpacked liblocale-gettext-perl:amd64 1.07-4+b1
2022-03-06 04:29:36 status half-configured liblocale-gettext-perl:amd64 1.07-4+b1
2022-03-06 04:29:36 status installed liblocale-gettext-perl:amd64 1.07-4+b1
2022-03-06 04:29:36 configure libprocps8:amd64 2:3.3.17-5 <none>
2022-03-06 04:29:36 status unpacked libprocps8:amd64 2:3.3.17-5
2022-03-06 04:29:36 status half-configured libprocps8:amd64 2:3.3.17-5
2022-03-06 04:29:36 status installed libprocps8:amd64 2:3.3.17-5
2022-03-06 04:29:36 configure libpopt0:amd64 1.18-2 <none>
2022-03-06 04:29:36 status unpacked libpopt0:amd64 1.18-2
2022-03-06 04:29:36 status half-configured libpopt0:amd64 1.18-2
2022-03-06 04:29:36 status installed libpopt0:amd64 1.18-2
2022-03-06 04:29:36 configure logrotate:amd64 3.18.0-2 <none>
2022-03-06 04:29:36 status unpacked logrotate:amd64 3.18.0-2
2022-03-06 04:29:36 status half-configured logrotate:amd64 3.18.0-2
2022-03-06 04:29:36 status installed logrotate:amd64 3.18.0-2
2022-03-06 04:29:36 configure libnewt0.52:amd64 0.52.21-4+b3 <none>
2022-03-06 04:29:36 status unpacked libnewt0.52:amd64 0.52.21-4+b3
2022-03-06 04:29:36 status half-configured libnewt0.52:amd64 0.52.21-4+b3
2022-03-06 04:29:36 status installed libnewt0.52:amd64 0.52.21-4+b3
2022-03-06 04:29:36 configure libedit2:amd64 3.1-20191231-2+b1 <none>
2022-03-06 04:29:36 status unpacked libedit2:amd64 3.1-20191231-2+b1
2022-03-06 04:29:36 status half-configured libedit2:amd64 3.1-20191231-2+b1
2022-03-06 04:29:36 status installed libedit2:amd64 3.1-20191231-2+b1
2022-03-06 04:29:36 configure libreadline8:amd64 8.1-1 <none>
2022-03-06 04:29:36 status unpacked libreadline8:amd64 8.1-1
2022-03-06 04:29:36 status half-configured libreadline8:amd64 8.1-1
2022-03-06 04:29:36 status installed libreadline8:amd64 8.1-1
2022-03-06 04:29:36 configure cron:amd64 3.0pl1-137 <none>
2022-03-06 04:29:36 status unpacked cron:amd64 3.0pl1-137
2022-03-06 04:29:36 status half-configured cron:amd64 3.0pl1-137
2022-03-06 04:29:36 status installed cron:amd64 3.0pl1-137
2022-03-06 04:29:36 configure rsyslog:amd64 8.2102.0-2 <none>
2022-03-06 04:29:36 status unpacked rsyslog:amd64 8.2102.0-2
2022-03-06 04:29:36 status half-configured rsyslog:amd64 8.2102.0-2
2022-03-06 04:29:36 status installed rsyslog:amd64 8.2102.0-2
2022-03-06 04:29:36 configure libdns-export1110:amd64 1:9.11.19+dfsg-2.1 <none>
2022-03-06 04:29:36 status unpacked libdns-export1110:amd64 1:9.11.19+dfsg-2.1
2022-03-06 04:29:36 status half-configured libdns-export1110:amd64 1:9.11.19+dfsg-2.1
2022-03-06 04:29:36 status installed libdns-export1110:amd64 1:9.11.19+dfsg-2.1
2022-03-06 04:29:36 configure debconf-i18n:all 1.5.77 <none>
2022-03-06 04:29:36 status unpacked debconf-i18n:all 1.5.77
2022-03-06 04:29:36 status half-configured debconf-i18n:all 1.5.77
2022-03-06 04:29:36 status installed debconf-i18n:all 1.5.77
2022-03-06 04:29:36 configure libnftnl11:amd64 1.1.9-1 <none>
2022-03-06 04:29:36 status unpacked libnftnl11:amd64 1.1.9-1
2022-03-06 04:29:36 status half-configured libnftnl11:amd64 1.1.9-1
2022-03-06 04:29:36 status installed libnftnl11:amd64 1.1.9-1
2022-03-06 04:29:36 configure vim-tiny:amd64 2:8.2.2434-3+deb11u1 <none>
2022-03-06 04:29:36 status unpacked vim-tiny:amd64 2:8.2.2434-3+deb11u1
2022-03-06 04:29:36 status half-configured vim-tiny:amd64 2:8.2.2434-3+deb11u1
2022-03-06 04:29:36 status installed vim-tiny:amd64 2:8.2.2434-3+deb11u1
2022-03-06 04:29:36 configure fdisk:amd64 2.36.1-8 <none>
2022-03-06 04:29:36 status unpacked fdisk:amd64 2.36.1-8
2022-03-06 04:29:36 status half-configured fdisk:amd64 2.36.1-8
2022-03-06 04:29:36 status installed fdisk:amd64 2.36.1-8
2022-03-06 04:29:36 configure whiptail:amd64 0.52.21-4+b3 <none>
2022-03-06 04:29:36 status unpacked whiptail:amd64 0.52.21-4+b3
2022-03-06 04:29:36 status half-configured whiptail:amd64 0.52.21-4+b3
2022-03-06 04:29:36 status installed whiptail:amd64 0.52.21-4+b3
2022-03-06 04:29:36 configure procps:amd64 2:3.3.17-5 <none>
2022-03-06 04:29:36 status unpacked procps:amd64 2:3.3.17-5
2022-03-06 04:29:36 status half-configured procps:amd64 2:3.3.17-5
2022-03-06 04:29:36 status installed procps:amd64 2:3.3.17-5
2022-03-06 04:29:36 configure libbpf0:amd64 1:0.3-2 <none>
2022-03-06 04:29:36 status unpacked libbpf0:amd64 1:0.3-2
2022-03-06 04:29:36 status half-configured libbpf0:amd64 1:0.3-2
2022-03-06 04:29:36 status installed libbpf0:amd64 1:0.3-2
2022-03-06 04:29:36 configure libnftables1:amd64 0.9.8-3.1 <none>
2022-03-06 04:29:36 status unpacked libnftables1:amd64 0.9.8-3.1
2022-03-06 04:29:36 status half-configured libnftables1:amd64 0.9.8-3.1
2022-03-06 04:29:36 status installed libnftables1:amd64 0.9.8-3.1
2022-03-06 04:29:36 configure nftables:amd64 0.9.8-3.1 <none>
2022-03-06 04:29:36 status unpacked nftables:amd64 0.9.8-3.1
2022-03-06 04:29:36 status half-configured nftables:amd64 0.9.8-3.1
2022-03-06 04:29:36 status installed nftables:amd64 0.9.8-3.1
2022-03-06 04:29:36 configure iproute2:amd64 5.10.0-4 <none>
2022-03-06 04:29:36 status unpacked iproute2:amd64 5.10.0-4
2022-03-06 04:29:36 status half-configured iproute2:amd64 5.10.0-4
2022-03-06 04:29:36 status installed iproute2:amd64 5.10.0-4
2022-03-06 04:29:36 configure isc-dhcp-client:amd64 4.4.1-2.3 <none>
2022-03-06 04:29:36 status unpacked isc-dhcp-client:amd64 4.4.1-2.3
2022-03-06 04:29:36 status half-configured isc-dhcp-client:amd64 4.4.1-2.3
2022-03-06 04:29:36 status installed isc-dhcp-client:amd64 4.4.1-2.3
2022-03-06 04:29:36 configure ifupdown:amd64 0.8.36 <none>
2022-03-06 04:29:36 status unpacked ifupdown:amd64 0.8.36
2022-03-06 04:29:36 status half-configured ifupdown:amd64 0.8.36
2022-03-06 04:29:37 status installed ifupdown:amd64 0.8.36
2022-03-06 04:29:37 configure tasksel-data:all 3.68 <none>
2022-03-06 04:29:37 status unpacked tasksel-data:all 3.68
2022-03-06 04:29:37 status half-configured tasksel-data:all 3.68
2022-03-06 04:29:37 status installed tasksel-data:all 3.68
2022-03-06 04:29:37 configure tasksel:all 3.68 <none>
2022-03-06 04:29:37 status unpacked tasksel:all 3.68
2022-03-06 04:29:37 status half-configured tasksel:all 3.68
2022-03-06 04:29:37 status installed tasksel:all 3.68
2022-03-06 04:29:37 trigproc libc-bin:amd64 2.31-13+deb11u2 <none>
2022-03-06 04:29:37 status half-configured libc-bin:amd64 2.31-13+deb11u2
2022-03-06 04:29:37 status installed libc-bin:amd64 2.31-13+deb11u2
2022-03-06 04:42:23 startup archives unpack
2022-03-06 04:42:23 install ucf:all <none> 3.0043
2022-03-06 04:42:23 status half-installed ucf:all 3.0043
2022-03-06 04:42:23 status unpacked ucf:all 3.0043
2022-03-06 04:42:23 install fonts-dejavu-core:all <none> 2.37-2
2022-03-06 04:42:23 status half-installed fonts-dejavu-core:all 2.37-2
2022-03-06 04:42:23 status unpacked fonts-dejavu-core:all 2.37-2
2022-03-06 04:42:23 install fontconfig-config:all <none> 2.13.1-4.2
2022-03-06 04:42:23 status half-installed fontconfig-config:all 2.13.1-4.2
2022-03-06 04:42:23 status unpacked fontconfig-config:all 2.13.1-4.2
2022-03-06 04:42:23 install geoip-database:all <none> 20191224-3
2022-03-06 04:42:23 status half-installed geoip-database:all 20191224-3
2022-03-06 04:42:24 status unpacked geoip-database:all 20191224-3
2022-03-06 04:42:24 install libbrotli1:amd64 <none> 1.0.9-2+b2
2022-03-06 04:42:24 status triggers-pending libc-bin:amd64 2.31-13+deb11u2
2022-03-06 04:42:24 status half-installed libbrotli1:amd64 1.0.9-2+b2
2022-03-06 04:42:24 status unpacked libbrotli1:amd64 1.0.9-2+b2
2022-03-06 04:42:24 install libdeflate0:amd64 <none> 1.7-1
2022-03-06 04:42:24 status half-installed libdeflate0:amd64 1.7-1
2022-03-06 04:42:24 status unpacked libdeflate0:amd64 1.7-1
2022-03-06 04:42:24 install libexpat1:amd64 <none> 2.2.10-2
2022-03-06 04:42:24 status half-installed libexpat1:amd64 2.2.10-2
2022-03-06 04:42:24 status unpacked libexpat1:amd64 2.2.10-2
2022-03-06 04:42:24 install libpng16-16:amd64 <none> 1.6.37-3
2022-03-06 04:42:24 status half-installed libpng16-16:amd64 1.6.37-3
2022-03-06 04:42:24 status unpacked libpng16-16:amd64 1.6.37-3
2022-03-06 04:42:24 install libfreetype6:amd64 <none> 2.10.4+dfsg-1
2022-03-06 04:42:24 status half-installed libfreetype6:amd64 2.10.4+dfsg-1
2022-03-06 04:42:24 status unpacked libfreetype6:amd64 2.10.4+dfsg-1
2022-03-06 04:42:24 install libfontconfig1:amd64 <none> 2.13.1-4.2
2022-03-06 04:42:24 status half-installed libfontconfig1:amd64 2.13.1-4.2
2022-03-06 04:42:24 status unpacked libfontconfig1:amd64 2.13.1-4.2
2022-03-06 04:42:24 install libjpeg62-turbo:amd64 <none> 1:2.0.6-4
2022-03-06 04:42:24 status half-installed libjpeg62-turbo:amd64 1:2.0.6-4
2022-03-06 04:42:24 status unpacked libjpeg62-turbo:amd64 1:2.0.6-4
2022-03-06 04:42:24 install libjbig0:amd64 <none> 2.1-3.1+b2
2022-03-06 04:42:24 status half-installed libjbig0:amd64 2.1-3.1+b2
2022-03-06 04:42:24 status unpacked libjbig0:amd64 2.1-3.1+b2
2022-03-06 04:42:24 install libwebp6:amd64 <none> 0.6.1-2.1
2022-03-06 04:42:24 status half-installed libwebp6:amd64 0.6.1-2.1
2022-03-06 04:42:24 status unpacked libwebp6:amd64 0.6.1-2.1
2022-03-06 04:42:24 install libtiff5:amd64 <none> 4.2.0-1
2022-03-06 04:42:24 status half-installed libtiff5:amd64 4.2.0-1
2022-03-06 04:42:24 status unpacked libtiff5:amd64 4.2.0-1
2022-03-06 04:42:24 install libxau6:amd64 <none> 1:1.0.9-1
2022-03-06 04:42:24 status half-installed libxau6:amd64 1:1.0.9-1
2022-03-06 04:42:24 status unpacked libxau6:amd64 1:1.0.9-1
2022-03-06 04:42:24 install libxdmcp6:amd64 <none> 1:1.1.2-3
2022-03-06 04:42:24 status half-installed libxdmcp6:amd64 1:1.1.2-3
2022-03-06 04:42:24 status unpacked libxdmcp6:amd64 1:1.1.2-3
2022-03-06 04:42:24 install libxcb1:amd64 <none> 1.14-3
2022-03-06 04:42:24 status half-installed libxcb1:amd64 1.14-3
2022-03-06 04:42:24 status unpacked libxcb1:amd64 1.14-3
2022-03-06 04:42:25 install libx11-data:all <none> 2:1.7.2-1
2022-03-06 04:42:25 status half-installed libx11-data:all 2:1.7.2-1
2022-03-06 04:42:25 status unpacked libx11-data:all 2:1.7.2-1
2022-03-06 04:42:25 install libx11-6:amd64 <none> 2:1.7.2-1
2022-03-06 04:42:25 status half-installed libx11-6:amd64 2:1.7.2-1
2022-03-06 04:42:25 status unpacked libx11-6:amd64 2:1.7.2-1
2022-03-06 04:42:25 install libxpm4:amd64 <none> 1:3.5.12-1
2022-03-06 04:42:25 status half-installed libxpm4:amd64 1:3.5.12-1
2022-03-06 04:42:25 status unpacked libxpm4:amd64 1:3.5.12-1
2022-03-06 04:42:25 install libgd3:amd64 <none> 2.3.0-2
2022-03-06 04:42:25 status half-installed libgd3:amd64 2.3.0-2
2022-03-06 04:42:25 status unpacked libgd3:amd64 2.3.0-2
2022-03-06 04:42:25 install libgeoip1:amd64 <none> 1.6.12-7
2022-03-06 04:42:25 status half-installed libgeoip1:amd64 1.6.12-7
2022-03-06 04:42:25 status unpacked libgeoip1:amd64 1.6.12-7
2022-03-06 04:42:25 install libicu67:amd64 <none> 67.1-7
2022-03-06 04:42:25 status half-installed libicu67:amd64 67.1-7
2022-03-06 04:42:26 status unpacked libicu67:amd64 67.1-7
2022-03-06 04:42:26 install nginx-common:all <none> 1.18.0-6.1
2022-03-06 04:42:26 status half-installed nginx-common:all 1.18.0-6.1
2022-03-06 04:42:26 status unpacked nginx-common:all 1.18.0-6.1
2022-03-06 04:42:26 install libnginx-mod-http-geoip:amd64 <none> 1.18.0-6.1
2022-03-06 04:42:26 status half-installed libnginx-mod-http-geoip:amd64 1.18.0-6.1
2022-03-06 04:42:26 status unpacked libnginx-mod-http-geoip:amd64 1.18.0-6.1
2022-03-06 04:42:26 install libnginx-mod-http-image-filter:amd64 <none> 1.18.0-6.1
2022-03-06 04:42:26 status half-installed libnginx-mod-http-image-filter:amd64 1.18.0-6.1
2022-03-06 04:42:26 status unpacked libnginx-mod-http-image-filter:amd64 1.18.0-6.1
2022-03-06 04:42:26 install libxml2:amd64 <none> 2.9.10+dfsg-6.7
2022-03-06 04:42:26 status half-installed libxml2:amd64 2.9.10+dfsg-6.7
2022-03-06 04:42:26 status unpacked libxml2:amd64 2.9.10+dfsg-6.7
2022-03-06 04:42:26 install libxslt1.1:amd64 <none> 1.1.34-4
2022-03-06 04:42:26 status half-installed libxslt1.1:amd64 1.1.34-4
2022-03-06 04:42:26 status unpacked libxslt1.1:amd64 1.1.34-4
2022-03-06 04:42:26 install libnginx-mod-http-xslt-filter:amd64 <none> 1.18.0-6.1
2022-03-06 04:42:26 status half-installed libnginx-mod-http-xslt-filter:amd64 1.18.0-6.1
2022-03-06 04:42:26 status unpacked libnginx-mod-http-xslt-filter:amd64 1.18.0-6.1
2022-03-06 04:42:26 install libnginx-mod-mail:amd64 <none> 1.18.0-6.1
2022-03-06 04:42:26 status half-installed libnginx-mod-mail:amd64 1.18.0-6.1
2022-03-06 04:42:26 status unpacked libnginx-mod-mail:amd64 1.18.0-6.1
2022-03-06 04:42:26 install libnginx-mod-stream:amd64 <none> 1.18.0-6.1
2022-03-06 04:42:26 status half-installed libnginx-mod-stream:amd64 1.18.0-6.1
2022-03-06 04:42:26 status unpacked libnginx-mod-stream:amd64 1.18.0-6.1
2022-03-06 04:42:26 install libnginx-mod-stream-geoip:amd64 <none> 1.18.0-6.1
2022-03-06 04:42:26 status half-installed libnginx-mod-stream-geoip:amd64 1.18.0-6.1
2022-03-06 04:42:26 status unpacked libnginx-mod-stream-geoip:amd64 1.18.0-6.1
2022-03-06 04:42:26 install nginx-core:amd64 <none> 1.18.0-6.1
2022-03-06 04:42:26 status half-installed nginx-core:amd64 1.18.0-6.1
2022-03-06 04:42:26 status unpacked nginx-core:amd64 1.18.0-6.1
2022-03-06 04:42:26 install nginx:all <none> 1.18.0-6.1
2022-03-06 04:42:26 status half-installed nginx:all 1.18.0-6.1
2022-03-06 04:42:26 status unpacked nginx:all 1.18.0-6.1
2022-03-06 04:42:26 startup packages configure
2022-03-06 04:42:26 configure libexpat1:amd64 2.2.10-2 <none>
2022-03-06 04:42:26 status unpacked libexpat1:amd64 2.2.10-2
2022-03-06 04:42:26 status half-configured libexpat1:amd64 2.2.10-2
2022-03-06 04:42:26 status installed libexpat1:amd64 2.2.10-2
2022-03-06 04:42:26 configure libxau6:amd64 1:1.0.9-1 <none>
2022-03-06 04:42:26 status unpacked libxau6:amd64 1:1.0.9-1
2022-03-06 04:42:26 status half-configured libxau6:amd64 1:1.0.9-1
2022-03-06 04:42:26 status installed libxau6:amd64 1:1.0.9-1
2022-03-06 04:42:26 configure libxdmcp6:amd64 1:1.1.2-3 <none>
2022-03-06 04:42:26 status unpacked libxdmcp6:amd64 1:1.1.2-3
2022-03-06 04:42:26 status half-configured libxdmcp6:amd64 1:1.1.2-3
2022-03-06 04:42:26 status installed libxdmcp6:amd64 1:1.1.2-3
2022-03-06 04:42:26 configure libxcb1:amd64 1.14-3 <none>
2022-03-06 04:42:26 status unpacked libxcb1:amd64 1.14-3
2022-03-06 04:42:26 status half-configured libxcb1:amd64 1.14-3
2022-03-06 04:42:26 status installed libxcb1:amd64 1.14-3
2022-03-06 04:42:26 configure libicu67:amd64 67.1-7 <none>
2022-03-06 04:42:26 status unpacked libicu67:amd64 67.1-7
2022-03-06 04:42:26 status half-configured libicu67:amd64 67.1-7
2022-03-06 04:42:26 status installed libicu67:amd64 67.1-7
2022-03-06 04:42:26 configure libbrotli1:amd64 1.0.9-2+b2 <none>
2022-03-06 04:42:26 status unpacked libbrotli1:amd64 1.0.9-2+b2
2022-03-06 04:42:26 status half-configured libbrotli1:amd64 1.0.9-2+b2
2022-03-06 04:42:26 status installed libbrotli1:amd64 1.0.9-2+b2
2022-03-06 04:42:26 configure libdeflate0:amd64 1.7-1 <none>
2022-03-06 04:42:26 status unpacked libdeflate0:amd64 1.7-1
2022-03-06 04:42:26 status half-configured libdeflate0:amd64 1.7-1
2022-03-06 04:42:26 status installed libdeflate0:amd64 1.7-1
2022-03-06 04:42:26 configure nginx-common:all 1.18.0-6.1 <none>
2022-03-06 04:42:26 status unpacked nginx-common:all 1.18.0-6.1
2022-03-06 04:42:26 status half-configured nginx-common:all 1.18.0-6.1
2022-03-06 04:42:27 status installed nginx-common:all 1.18.0-6.1
2022-03-06 04:42:27 configure libjbig0:amd64 2.1-3.1+b2 <none>
2022-03-06 04:42:27 status unpacked libjbig0:amd64 2.1-3.1+b2
2022-03-06 04:42:27 status half-configured libjbig0:amd64 2.1-3.1+b2
2022-03-06 04:42:27 status installed libjbig0:amd64 2.1-3.1+b2
2022-03-06 04:42:27 configure libjpeg62-turbo:amd64 1:2.0.6-4 <none>
2022-03-06 04:42:27 status unpacked libjpeg62-turbo:amd64 1:2.0.6-4
2022-03-06 04:42:27 status half-configured libjpeg62-turbo:amd64 1:2.0.6-4
2022-03-06 04:42:27 status installed libjpeg62-turbo:amd64 1:2.0.6-4
2022-03-06 04:42:27 configure libx11-data:all 2:1.7.2-1 <none>
2022-03-06 04:42:27 status unpacked libx11-data:all 2:1.7.2-1
2022-03-06 04:42:27 status half-configured libx11-data:all 2:1.7.2-1
2022-03-06 04:42:27 status installed libx11-data:all 2:1.7.2-1
2022-03-06 04:42:27 configure libpng16-16:amd64 1.6.37-3 <none>
2022-03-06 04:42:27 status unpacked libpng16-16:amd64 1.6.37-3
2022-03-06 04:42:27 status half-configured libpng16-16:amd64 1.6.37-3
2022-03-06 04:42:27 status installed libpng16-16:amd64 1.6.37-3
2022-03-06 04:42:27 configure libwebp6:amd64 0.6.1-2.1 <none>
2022-03-06 04:42:27 status unpacked libwebp6:amd64 0.6.1-2.1
2022-03-06 04:42:27 status half-configured libwebp6:amd64 0.6.1-2.1
2022-03-06 04:42:27 status installed libwebp6:amd64 0.6.1-2.1
2022-03-06 04:42:27 configure fonts-dejavu-core:all 2.37-2 <none>
2022-03-06 04:42:27 status unpacked fonts-dejavu-core:all 2.37-2
2022-03-06 04:42:27 status half-configured fonts-dejavu-core:all 2.37-2
2022-03-06 04:42:27 status installed fonts-dejavu-core:all 2.37-2
2022-03-06 04:42:27 configure ucf:all 3.0043 <none>
2022-03-06 04:42:27 status unpacked ucf:all 3.0043
2022-03-06 04:42:27 status half-configured ucf:all 3.0043
2022-03-06 04:42:27 status installed ucf:all 3.0043
2022-03-06 04:42:27 configure libgeoip1:amd64 1.6.12-7 <none>
2022-03-06 04:42:27 status unpacked libgeoip1:amd64 1.6.12-7
2022-03-06 04:42:27 status half-configured libgeoip1:amd64 1.6.12-7
2022-03-06 04:42:27 status installed libgeoip1:amd64 1.6.12-7
2022-03-06 04:42:27 configure libx11-6:amd64 2:1.7.2-1 <none>
2022-03-06 04:42:27 status unpacked libx11-6:amd64 2:1.7.2-1
2022-03-06 04:42:27 status half-configured libx11-6:amd64 2:1.7.2-1
2022-03-06 04:42:27 status installed libx11-6:amd64 2:1.7.2-1
2022-03-06 04:42:27 configure libtiff5:amd64 4.2.0-1 <none>
2022-03-06 04:42:27 status unpacked libtiff5:amd64 4.2.0-1
2022-03-06 04:42:27 status half-configured libtiff5:amd64 4.2.0-1
2022-03-06 04:42:27 status installed libtiff5:amd64 4.2.0-1
2022-03-06 04:42:27 configure geoip-database:all 20191224-3 <none>
2022-03-06 04:42:27 status unpacked geoip-database:all 20191224-3
2022-03-06 04:42:27 status half-configured geoip-database:all 20191224-3
2022-03-06 04:42:27 status installed geoip-database:all 20191224-3
2022-03-06 04:42:27 configure libxml2:amd64 2.9.10+dfsg-6.7 <none>
2022-03-06 04:42:27 status unpacked libxml2:amd64 2.9.10+dfsg-6.7
2022-03-06 04:42:27 status half-configured libxml2:amd64 2.9.10+dfsg-6.7
2022-03-06 04:42:27 status installed libxml2:amd64 2.9.10+dfsg-6.7
2022-03-06 04:42:27 configure libnginx-mod-mail:amd64 1.18.0-6.1 <none>
2022-03-06 04:42:27 status unpacked libnginx-mod-mail:amd64 1.18.0-6.1
2022-03-06 04:42:27 status half-configured libnginx-mod-mail:amd64 1.18.0-6.1
2022-03-06 04:42:27 status installed libnginx-mod-mail:amd64 1.18.0-6.1
2022-03-06 04:42:27 configure libxpm4:amd64 1:3.5.12-1 <none>
2022-03-06 04:42:27 status unpacked libxpm4:amd64 1:3.5.12-1
2022-03-06 04:42:27 status half-configured libxpm4:amd64 1:3.5.12-1
2022-03-06 04:42:27 status installed libxpm4:amd64 1:3.5.12-1
2022-03-06 04:42:27 configure fontconfig-config:all 2.13.1-4.2 <none>
2022-03-06 04:42:27 status unpacked fontconfig-config:all 2.13.1-4.2
2022-03-06 04:42:27 status half-configured fontconfig-config:all 2.13.1-4.2
2022-03-06 04:42:27 status installed fontconfig-config:all 2.13.1-4.2
2022-03-06 04:42:27 configure libnginx-mod-stream:amd64 1.18.0-6.1 <none>
2022-03-06 04:42:27 status unpacked libnginx-mod-stream:amd64 1.18.0-6.1
2022-03-06 04:42:27 status half-configured libnginx-mod-stream:amd64 1.18.0-6.1
2022-03-06 04:42:27 status installed libnginx-mod-stream:amd64 1.18.0-6.1
2022-03-06 04:42:27 configure libnginx-mod-stream-geoip:amd64 1.18.0-6.1 <none>
2022-03-06 04:42:27 status unpacked libnginx-mod-stream-geoip:amd64 1.18.0-6.1
2022-03-06 04:42:27 status half-configured libnginx-mod-stream-geoip:amd64 1.18.0-6.1
2022-03-06 04:42:27 status installed libnginx-mod-stream-geoip:amd64 1.18.0-6.1
2022-03-06 04:42:27 configure libnginx-mod-http-geoip:amd64 1.18.0-6.1 <none>
2022-03-06 04:42:27 status unpacked libnginx-mod-http-geoip:amd64 1.18.0-6.1
2022-03-06 04:42:27 status half-configured libnginx-mod-http-geoip:amd64 1.18.0-6.1
2022-03-06 04:42:28 status installed libnginx-mod-http-geoip:amd64 1.18.0-6.1
2022-03-06 04:42:28 configure libfreetype6:amd64 2.10.4+dfsg-1 <none>
2022-03-06 04:42:28 status unpacked libfreetype6:amd64 2.10.4+dfsg-1
2022-03-06 04:42:28 status half-configured libfreetype6:amd64 2.10.4+dfsg-1
2022-03-06 04:42:28 status installed libfreetype6:amd64 2.10.4+dfsg-1
2022-03-06 04:42:28 configure libxslt1.1:amd64 1.1.34-4 <none>
2022-03-06 04:42:28 status unpacked libxslt1.1:amd64 1.1.34-4
2022-03-06 04:42:28 status half-configured libxslt1.1:amd64 1.1.34-4
2022-03-06 04:42:28 status installed libxslt1.1:amd64 1.1.34-4
2022-03-06 04:42:28 configure libfontconfig1:amd64 2.13.1-4.2 <none>
2022-03-06 04:42:28 status unpacked libfontconfig1:amd64 2.13.1-4.2
2022-03-06 04:42:28 status half-configured libfontconfig1:amd64 2.13.1-4.2
2022-03-06 04:42:28 status installed libfontconfig1:amd64 2.13.1-4.2
2022-03-06 04:42:28 configure libnginx-mod-http-xslt-filter:amd64 1.18.0-6.1 <none>
2022-03-06 04:42:28 status unpacked libnginx-mod-http-xslt-filter:amd64 1.18.0-6.1
2022-03-06 04:42:28 status half-configured libnginx-mod-http-xslt-filter:amd64 1.18.0-6.1
2022-03-06 04:42:28 status installed libnginx-mod-http-xslt-filter:amd64 1.18.0-6.1
2022-03-06 04:42:28 configure libgd3:amd64 2.3.0-2 <none>
2022-03-06 04:42:28 status unpacked libgd3:amd64 2.3.0-2
2022-03-06 04:42:28 status half-configured libgd3:amd64 2.3.0-2
2022-03-06 04:42:28 status installed libgd3:amd64 2.3.0-2
2022-03-06 04:42:28 configure libnginx-mod-http-image-filter:amd64 1.18.0-6.1 <none>
2022-03-06 04:42:28 status unpacked libnginx-mod-http-image-filter:amd64 1.18.0-6.1
2022-03-06 04:42:28 status half-configured libnginx-mod-http-image-filter:amd64 1.18.0-6.1
2022-03-06 04:42:28 status installed libnginx-mod-http-image-filter:amd64 1.18.0-6.1
2022-03-06 04:42:28 configure nginx-core:amd64 1.18.0-6.1 <none>
2022-03-06 04:42:28 status unpacked nginx-core:amd64 1.18.0-6.1
2022-03-06 04:42:28 status half-configured nginx-core:amd64 1.18.0-6.1
2022-03-06 04:42:28 status installed nginx-core:amd64 1.18.0-6.1
2022-03-06 04:42:28 configure nginx:all 1.18.0-6.1 <none>
2022-03-06 04:42:28 status unpacked nginx:all 1.18.0-6.1
2022-03-06 04:42:28 status half-configured nginx:all 1.18.0-6.1
2022-03-06 04:42:28 status installed nginx:all 1.18.0-6.1
2022-03-06 04:42:28 trigproc libc-bin:amd64 2.31-13+deb11u2 <none>
2022-03-06 04:42:28 status half-configured libc-bin:amd64 2.31-13+deb11u2
2022-03-06 04:42:28 status installed libc-bin:amd64 2.31-13+deb11u2
